<?xml version="1.0" encoding="UTF-8"?>
<coverage generated="1651064229192" clover="3.2.0">
  <project timestamp="1651064229192" name="All files">
    <metrics statements="272" coveredstatements="272" conditionals="111" coveredconditionals="104" methods="70" coveredmethods="70" elements="453" coveredelements="446" complexity="0" loc="272" ncloc="272" packages="4" files="19" classes="19"/>
    <package name="src">
      <metrics statements="5" coveredstatements="5" conditionals="6" coveredconditionals="6" methods="2" coveredmethods="2"/>
      <file name="App.js" path="/Users/chritsophersarmiento/git/my-portfolio/client/src/App.js">
        <metrics statements="5" coveredstatements="5" conditionals="6" coveredconditionals="6" methods="2" coveredmethods="2"/>
        <line num="17" count="2" type="stmt"/>
        <line num="18" count="3" type="stmt"/>
        <line num="19" count="3" type="stmt"/>
        <line num="29" count="2" type="stmt"/>
        <line num="30" count="4" type="stmt"/>
      </file>
    </package>
    <package name="src.components">
      <metrics statements="79" coveredstatements="79" conditionals="40" coveredconditionals="37" methods="31" coveredmethods="31"/>
      <file name="Header.jsx" path="/Users/chritsophersarmiento/git/my-portfolio/client/src/components/Header.jsx">
        <metrics statements="12" coveredstatements="12" conditionals="10" coveredconditionals="9" methods="8" coveredmethods="8"/>
        <line num="7" count="3" type="stmt"/>
        <line num="8" count="10" type="stmt"/>
        <line num="10" count="10" type="stmt"/>
        <line num="11" count="10" type="stmt"/>
        <line num="12" count="1" type="stmt"/>
        <line num="16" count="10" type="stmt"/>
        <line num="18" count="10" type="stmt"/>
        <line num="35" count="1" type="stmt"/>
        <line num="42" count="1" type="stmt"/>
        <line num="50" count="1" type="stmt"/>
        <line num="58" count="1" type="stmt"/>
        <line num="66" count="1" type="stmt"/>
      </file>
      <file name="Jumbotron.js" path="/Users/chritsophersarmiento/git/my-portfolio/client/src/components/Jumbotron.js">
        <metrics statements="2" coveredstatements="2" conditionals="0" coveredconditionals="0" methods="1" coveredmethods="1"/>
        <line num="5" count="10" type="stmt"/>
        <line num="6" count="76" type="stmt"/>
      </file>
      <file name="Page.jsx" path="/Users/chritsophersarmiento/git/my-portfolio/client/src/components/Page.jsx">
        <metrics statements="2" coveredstatements="2" conditionals="0" coveredconditionals="0" methods="1" coveredmethods="1"/>
        <line num="5" count="10" type="stmt"/>
        <line num="6" count="76" type="stmt"/>
      </file>
      <file name="Paginate.jsx" path="/Users/chritsophersarmiento/git/my-portfolio/client/src/components/Paginate.jsx">
        <metrics statements="11" coveredstatements="11" conditionals="2" coveredconditionals="2" methods="2" coveredmethods="2"/>
        <line num="7" count="4" type="stmt"/>
        <line num="8" count="9" type="stmt"/>
        <line num="9" count="9" type="cond" truecount="2" falsecount="0"/>
        <line num="10" count="7" type="stmt"/>
        <line num="11" count="7" type="stmt"/>
        <line num="12" count="7" type="stmt"/>
        <line num="13" count="12" type="stmt"/>
        <line num="17" count="1" type="stmt"/>
        <line num="25" count="7" type="stmt"/>
        <line num="31" count="7" type="stmt"/>
        <line num="36" count="4" type="stmt"/>
      </file>
      <file name="ResumeModal.jsx" path="/Users/chritsophersarmiento/git/my-portfolio/client/src/components/ResumeModal.jsx">
        <metrics statements="4" coveredstatements="4" conditionals="0" coveredconditionals="0" methods="3" coveredmethods="3"/>
        <line num="6" count="5" type="stmt"/>
        <line num="7" count="10" type="stmt"/>
        <line num="10" count="1" type="stmt"/>
        <line num="28" count="1" type="stmt"/>
      </file>
      <file name="SongsListGroup.jsx" path="/Users/chritsophersarmiento/git/my-portfolio/client/src/components/SongsListGroup.jsx">
        <metrics statements="6" coveredstatements="6" conditionals="2" coveredconditionals="2" methods="3" coveredmethods="3"/>
        <line num="6" count="4" type="stmt"/>
        <line num="7" count="9" type="stmt"/>
        <line num="9" count="9" type="stmt"/>
        <line num="19" count="36" type="stmt"/>
        <line num="23" count="2" type="stmt"/>
        <line num="37" count="4" type="stmt"/>
      </file>
      <file name="SongsTable.jsx" path="/Users/chritsophersarmiento/git/my-portfolio/client/src/components/SongsTable.jsx">
        <metrics statements="11" coveredstatements="11" conditionals="2" coveredconditionals="2" methods="4" coveredmethods="4"/>
        <line num="7" count="4" type="stmt"/>
        <line num="17" count="9" type="cond" truecount="2" falsecount="0"/>
        <line num="18" count="24" type="stmt"/>
        <line num="21" count="9" type="stmt"/>
        <line num="22" count="9" type="stmt"/>
        <line num="24" count="9" type="stmt"/>
        <line num="25" count="1" type="stmt"/>
        <line num="28" count="9" type="stmt"/>
        <line num="31" count="20" type="stmt"/>
        <line num="40" count="9" type="stmt"/>
        <line num="68" count="4" type="stmt"/>
      </file>
      <file name="SongsTableHeader.jsx" path="/Users/chritsophersarmiento/git/my-portfolio/client/src/components/SongsTableHeader.jsx">
        <metrics statements="31" coveredstatements="31" conditionals="24" coveredconditionals="22" methods="9" coveredmethods="9"/>
        <line num="4" count="4" type="stmt"/>
        <line num="10" count="9" type="stmt"/>
        <line num="18" count="9" type="stmt"/>
        <line num="19" count="2" type="cond" truecount="2" falsecount="0"/>
        <line num="20" count="2" type="cond" truecount="2" falsecount="0"/>
        <line num="21" count="1" type="stmt"/>
        <line num="22" count="32" type="cond" truecount="2" falsecount="0"/>
        <line num="24" count="1" type="stmt"/>
        <line num="25" count="1" type="stmt"/>
        <line num="27" count="2" type="cond" truecount="2" falsecount="0"/>
        <line num="28" count="1" type="stmt"/>
        <line num="29" count="11" type="cond" truecount="1" falsecount="1"/>
        <line num="31" count="1" type="stmt"/>
        <line num="32" count="1" type="stmt"/>
        <line num="36" count="9" type="stmt"/>
        <line num="37" count="9" type="stmt"/>
        <line num="38" count="45" type="stmt"/>
        <line num="41" count="2" type="stmt"/>
        <line num="48" count="9" type="stmt"/>
        <line num="49" count="45" type="cond" truecount="2" falsecount="0"/>
        <line num="50" count="4" type="cond" truecount="2" falsecount="0"/>
        <line num="51" count="3" type="stmt"/>
        <line num="52" count="1" type="stmt"/>
        <line num="55" count="9" type="stmt"/>
        <line num="56" count="45" type="cond" truecount="2" falsecount="0"/>
        <line num="57" count="36" type="cond" truecount="2" falsecount="0"/>
        <line num="58" count="27" type="cond" truecount="2" falsecount="0"/>
        <line num="59" count="18" type="cond" truecount="2" falsecount="0"/>
        <line num="60" count="9" type="cond" truecount="1" falsecount="1"/>
        <line num="63" count="9" type="stmt"/>
        <line num="72" count="4" type="stmt"/>
      </file>
    </package>
    <package name="src.hooks">
      <metrics statements="130" coveredstatements="130" conditionals="38" coveredconditionals="36" methods="20" coveredmethods="20"/>
      <file name="useAuth.js" path="/Users/chritsophersarmiento/git/my-portfolio/client/src/hooks/useAuth.js">
        <metrics statements="32" coveredstatements="32" conditionals="6" coveredconditionals="4" methods="7" coveredmethods="7"/>
        <line num="5" count="9" type="stmt"/>
        <line num="6" count="9" type="stmt"/>
        <line num="7" count="9" type="stmt"/>
        <line num="9" count="9" type="stmt"/>
        <line num="11" count="9" type="stmt"/>
        <line num="12" count="99" type="stmt"/>
        <line num="13" count="37" type="cond" truecount="3" falsecount="1"/>
        <line num="14" count="37" type="stmt"/>
        <line num="17" count="99" type="stmt"/>
        <line num="18" count="99" type="stmt"/>
        <line num="19" count="35" type="stmt"/>
        <line num="20" count="35" type="stmt"/>
        <line num="21" count="35" type="stmt"/>
        <line num="23" count="1" type="cond" truecount="1" falsecount="1"/>
        <line num="24" count="1" type="stmt"/>
        <line num="25" count="1" type="stmt"/>
        <line num="36" count="99" type="stmt"/>
        <line num="37" count="4" type="stmt"/>
        <line num="38" count="4" type="stmt"/>
        <line num="46" count="2" type="stmt"/>
        <line num="47" count="2" type="stmt"/>
        <line num="48" count="2" type="stmt"/>
        <line num="49" count="2" type="stmt"/>
        <line num="51" count="2" type="stmt"/>
        <line num="55" count="99" type="stmt"/>
        <line num="56" count="2" type="stmt"/>
        <line num="57" count="2" type="stmt"/>
        <line num="66" count="1" type="stmt"/>
        <line num="69" count="2" type="stmt"/>
        <line num="70" count="2" type="stmt"/>
        <line num="71" count="2" type="stmt"/>
        <line num="74" count="99" type="stmt"/>
      </file>
      <file name="useContact.js" path="/Users/chritsophersarmiento/git/my-portfolio/client/src/hooks/useContact.js">
        <metrics statements="37" coveredstatements="37" conditionals="8" coveredconditionals="8" methods="5" coveredmethods="5"/>
        <line num="5" count="4" type="stmt"/>
        <line num="6" count="20" type="stmt"/>
        <line num="7" count="20" type="stmt"/>
        <line num="8" count="20" type="stmt"/>
        <line num="10" count="20" type="stmt"/>
        <line num="11" count="10" type="stmt"/>
        <line num="14" count="20" type="stmt"/>
        <line num="15" count="6" type="cond" truecount="2" falsecount="0"/>
        <line num="17" count="3" type="cond" truecount="2" falsecount="0"/>
        <line num="18" count="1" type="stmt"/>
        <line num="23" count="2" type="stmt"/>
        <line num="24" count="2" type="stmt"/>
        <line num="26" count="3" type="stmt"/>
        <line num="29" count="3" type="cond" truecount="2" falsecount="0"/>
        <line num="34" count="1" type="stmt"/>
        <line num="39" count="2" type="stmt"/>
        <line num="40" count="2" type="stmt"/>
        <line num="42" count="3" type="stmt"/>
        <line num="46" count="20" type="stmt"/>
        <line num="47" count="6" type="stmt"/>
        <line num="49" count="6" type="stmt"/>
        <line num="50" count="6" type="stmt"/>
        <line num="52" count="6" type="stmt"/>
        <line num="54" count="6" type="stmt"/>
        <line num="60" count="20" type="stmt"/>
        <line num="61" count="6" type="stmt"/>
        <line num="62" count="6" type="cond" truecount="2" falsecount="0"/>
        <line num="63" count="4" type="stmt"/>
        <line num="64" count="4" type="stmt"/>
        <line num="65" count="4" type="stmt"/>
        <line num="66" count="4" type="stmt"/>
        <line num="67" count="2" type="stmt"/>
        <line num="71" count="2" type="stmt"/>
        <line num="72" count="2" type="stmt"/>
        <line num="74" count="2" type="stmt"/>
        <line num="77" count="2" type="stmt"/>
        <line num="83" count="20" type="stmt"/>
      </file>
      <file name="useLogin.js" path="/Users/chritsophersarmiento/git/my-portfolio/client/src/hooks/useLogin.js">
        <metrics statements="29" coveredstatements="29" conditionals="16" coveredconditionals="16" methods="4" coveredmethods="4"/>
        <line num="4" count="2" type="stmt"/>
        <line num="5" count="16" type="stmt"/>
        <line num="6" count="16" type="stmt"/>
        <line num="7" count="16" type="stmt"/>
        <line num="9" count="16" type="stmt"/>
        <line num="10" count="6" type="cond" truecount="2" falsecount="0"/>
        <line num="12" count="3" type="cond" truecount="4" falsecount="0"/>
        <line num="13" count="1" type="stmt"/>
        <line num="18" count="2" type="stmt"/>
        <line num="19" count="2" type="stmt"/>
        <line num="21" count="3" type="stmt"/>
        <line num="24" count="3" type="cond" truecount="4" falsecount="0"/>
        <line num="25" count="1" type="stmt"/>
        <line num="30" count="2" type="stmt"/>
        <line num="31" count="2" type="stmt"/>
        <line num="33" count="3" type="stmt"/>
        <line num="37" count="16" type="stmt"/>
        <line num="38" count="6" type="stmt"/>
        <line num="40" count="6" type="stmt"/>
        <line num="41" count="6" type="stmt"/>
        <line num="43" count="6" type="stmt"/>
        <line num="45" count="6" type="cond" truecount="2" falsecount="0"/>
        <line num="46" count="6" type="cond" truecount="2" falsecount="0"/>
        <line num="49" count="16" type="stmt"/>
        <line num="50" count="5" type="stmt"/>
        <line num="52" count="5" type="cond" truecount="2" falsecount="0"/>
        <line num="54" count="1" type="stmt"/>
        <line num="55" count="1" type="stmt"/>
        <line num="59" count="16" type="stmt"/>
      </file>
      <file name="useWeather.js" path="/Users/chritsophersarmiento/git/my-portfolio/client/src/hooks/useWeather.js">
        <metrics statements="32" coveredstatements="32" conditionals="8" coveredconditionals="8" methods="4" coveredmethods="4"/>
        <line num="4" count="4" type="stmt"/>
        <line num="5" count="4" type="stmt"/>
        <line num="7" count="4" type="stmt"/>
        <line num="8" count="20" type="stmt"/>
        <line num="9" count="20" type="stmt"/>
        <line num="10" count="20" type="stmt"/>
        <line num="12" count="20" type="stmt"/>
        <line num="13" count="4" type="stmt"/>
        <line num="14" count="4" type="stmt"/>
        <line num="19" count="3" type="cond" truecount="2" falsecount="0"/>
        <line num="20" count="1" type="stmt"/>
        <line num="21" count="1" type="stmt"/>
        <line num="22" count="2" type="cond" truecount="4" falsecount="0"/>
        <line num="23" count="1" type="stmt"/>
        <line num="24" count="1" type="stmt"/>
        <line num="26" count="1" type="stmt"/>
        <line num="27" count="1" type="stmt"/>
        <line num="29" count="3" type="stmt"/>
        <line num="30" count="3" type="stmt"/>
        <line num="32" count="1" type="stmt"/>
        <line num="38" count="20" type="stmt"/>
        <line num="39" count="1" type="stmt"/>
        <line num="40" count="1" type="stmt"/>
        <line num="57" count="1" type="stmt"/>
        <line num="60" count="20" type="stmt"/>
        <line num="61" count="4" type="stmt"/>
        <line num="62" count="4" type="stmt"/>
        <line num="64" count="4" type="stmt"/>
        <line num="65" count="4" type="cond" truecount="2" falsecount="0"/>
        <line num="67" count="1" type="stmt"/>
        <line num="68" count="1" type="stmt"/>
        <line num="71" count="20" type="stmt"/>
      </file>
    </package>
    <package name="src.pages">
      <metrics statements="58" coveredstatements="58" conditionals="27" coveredconditionals="25" methods="17" coveredmethods="17"/>
      <file name="About.jsx" path="/Users/chritsophersarmiento/git/my-portfolio/client/src/pages/About.jsx">
        <metrics statements="6" coveredstatements="6" conditionals="0" coveredconditionals="0" methods="2" coveredmethods="2"/>
        <line num="10" count="5" type="stmt"/>
        <line num="11" count="8" type="stmt"/>
        <line num="12" count="8" type="stmt"/>
        <line num="14" count="8" type="stmt"/>
        <line num="15" count="2" type="stmt"/>
        <line num="18" count="8" type="stmt"/>
      </file>
      <file name="Contact.jsx" path="/Users/chritsophersarmiento/git/my-portfolio/client/src/pages/Contact.jsx">
        <metrics statements="4" coveredstatements="4" conditionals="2" coveredconditionals="2" methods="1" coveredmethods="1"/>
        <line num="7" count="4" type="stmt"/>
        <line num="8" count="20" type="stmt"/>
        <line num="9" count="20" type="stmt"/>
        <line num="11" count="20" type="stmt"/>
      </file>
      <file name="Home.jsx" path="/Users/chritsophersarmiento/git/my-portfolio/client/src/pages/Home.jsx">
        <metrics statements="5" coveredstatements="5" conditionals="0" coveredconditionals="0" methods="2" coveredmethods="2"/>
        <line num="9" count="4" type="stmt"/>
        <line num="10" count="5" type="stmt"/>
        <line num="11" count="5" type="stmt"/>
        <line num="12" count="5" type="stmt"/>
        <line num="15" count="5" type="stmt"/>
      </file>
      <file name="Login.jsx" path="/Users/chritsophersarmiento/git/my-portfolio/client/src/pages/Login.jsx">
        <metrics statements="10" coveredstatements="10" conditionals="4" coveredconditionals="4" methods="2" coveredmethods="2"/>
        <line num="10" count="2" type="stmt"/>
        <line num="11" count="16" type="stmt"/>
        <line num="13" count="16" type="stmt"/>
        <line num="14" count="4" type="stmt"/>
        <line num="16" count="4" type="stmt"/>
        <line num="17" count="4" type="stmt"/>
        <line num="19" count="4" type="stmt"/>
        <line num="29" count="16" type="stmt"/>
        <line num="30" count="16" type="stmt"/>
        <line num="32" count="16" type="stmt"/>
      </file>
      <file name="Songs.jsx" path="/Users/chritsophersarmiento/git/my-portfolio/client/src/pages/Songs.jsx">
        <metrics statements="22" coveredstatements="22" conditionals="4" coveredconditionals="4" methods="6" coveredmethods="6"/>
        <line num="9" count="4" type="stmt"/>
        <line num="10" count="15" type="stmt"/>
        <line num="11" count="15" type="stmt"/>
        <line num="12" count="15" type="stmt"/>
        <line num="13" count="15" type="stmt"/>
        <line num="14" count="15" type="stmt"/>
        <line num="15" count="15" type="stmt"/>
        <line num="20" count="15" type="stmt"/>
        <line num="22" count="15" type="stmt"/>
        <line num="24" count="3" type="stmt"/>
        <line num="25" count="3" type="stmt"/>
        <line num="30" count="2" type="stmt"/>
        <line num="31" count="2" type="stmt"/>
        <line num="32" count="2" type="stmt"/>
        <line num="33" count="2" type="stmt"/>
        <line num="36" count="1" type="stmt"/>
        <line num="39" count="3" type="stmt"/>
        <line num="42" count="15" type="stmt"/>
        <line num="43" count="4" type="stmt"/>
        <line num="44" count="4" type="stmt"/>
        <line num="45" count="4" type="stmt"/>
        <line num="48" count="15" type="stmt"/>
      </file>
      <file name="Weather.jsx" path="/Users/chritsophersarmiento/git/my-portfolio/client/src/pages/Weather.jsx">
        <metrics statements="11" coveredstatements="11" conditionals="17" coveredconditionals="15" methods="4" coveredmethods="4"/>
        <line num="9" count="4" type="stmt"/>
        <line num="10" count="20" type="stmt"/>
        <line num="12" count="20" type="stmt"/>
        <line num="13" count="4" type="stmt"/>
        <line num="14" count="4" type="stmt"/>
        <line num="17" count="20" type="stmt"/>
        <line num="18" count="4" type="stmt"/>
        <line num="21" count="20" type="stmt"/>
        <line num="22" count="20" type="stmt"/>
        <line num="24" count="20" type="stmt"/>
        <line num="41" count="3" type="stmt"/>
      </file>
    </package>
  </project>
</coverage>
