{"/Users/chritsophersarmiento/git/my-portfolio/client/src/App.js": {"path":"/Users/chritsophersarmiento/git/my-portfolio/client/src/App.js","statementMap":{"0":{"start":{"line":17,"column":12},"end":{"line":27,"column":1}},"1":{"start":{"line":18,"column":21},"end":{"line":18,"column":30}},"2":{"start":{"line":19,"column":2},"end":{"line":26,"column":4}},"3":{"start":{"line":29,"column":25},"end":{"line":48,"column":1}},"4":{"start":{"line":30,"column":2},"end":{"line":47,"column":4}}},"fnMap":{"0":{"name":"(anonymous_0)","decl":{"start":{"line":17,"column":12},"end":{"line":17,"column":13}},"loc":{"start":{"line":17,"column":18},"end":{"line":27,"column":1}},"line":17},"1":{"name":"(anonymous_1)","decl":{"start":{"line":29,"column":25},"end":{"line":29,"column":26}},"loc":{"start":{"line":29,"column":41},"end":{"line":48,"column":1}},"line":29}},"branchMap":{"0":{"loc":{"start":{"line":33,"column":9},"end":{"line":33,"column":63}},"type":"binary-expr","locations":[{"start":{"line":33,"column":9},"end":{"line":33,"column":16}},{"start":{"line":33,"column":20},"end":{"line":33,"column":63}}],"line":33},"1":{"loc":{"start":{"line":35,"column":9},"end":{"line":43,"column":9}},"type":"binary-expr","locations":[{"start":{"line":35,"column":9},"end":{"line":35,"column":15}},{"start":{"line":36,"column":10},"end":{"line":42,"column":13}}],"line":35},"2":{"loc":{"start":{"line":44,"column":47},"end":{"line":44,"column":70}},"type":"cond-expr","locations":[{"start":{"line":44,"column":56},"end":{"line":44,"column":59}},{"start":{"line":44,"column":62},"end":{"line":44,"column":70}}],"line":44}},"s":{"0":2,"1":3,"2":3,"3":2,"4":4},"f":{"0":3,"1":4},"b":{"0":[4,3],"1":[4,1],"2":[1,3]},"_coverageSchema":"1a1c01bbd47fc00a2c39e90264f33305004495a9","hash":"6a8344c12b757b6eef776905b028a5c4cea02665"}
,"/Users/chritsophersarmiento/git/my-portfolio/client/src/components/Header.jsx": {"path":"/Users/chritsophersarmiento/git/my-portfolio/client/src/components/Header.jsx","statementMap":{"0":{"start":{"line":7,"column":15},"end":{"line":90,"column":1}},"1":{"start":{"line":8,"column":24},"end":{"line":8,"column":36}},"2":{"start":{"line":10,"column":2},"end":{"line":14,"column":5}},"3":{"start":{"line":11,"column":4},"end":{"line":13,"column":6}},"4":{"start":{"line":12,"column":6},"end":{"line":12,"column":31}},"5":{"start":{"line":16,"column":39},"end":{"line":16,"column":48}},"6":{"start":{"line":18,"column":2},"end":{"line":89,"column":4}},"7":{"start":{"line":35,"column":46},"end":{"line":35,"column":60}},"8":{"start":{"line":42,"column":31},"end":{"line":42,"column":46}},"9":{"start":{"line":50,"column":31},"end":{"line":50,"column":46}},"10":{"start":{"line":58,"column":31},"end":{"line":58,"column":48}},"11":{"start":{"line":66,"column":31},"end":{"line":66,"column":48}}},"fnMap":{"0":{"name":"(anonymous_0)","decl":{"start":{"line":7,"column":15},"end":{"line":7,"column":16}},"loc":{"start":{"line":7,"column":21},"end":{"line":90,"column":1}},"line":7},"1":{"name":"(anonymous_1)","decl":{"start":{"line":10,"column":12},"end":{"line":10,"column":13}},"loc":{"start":{"line":10,"column":18},"end":{"line":14,"column":3}},"line":10},"2":{"name":"(anonymous_2)","decl":{"start":{"line":11,"column":24},"end":{"line":11,"column":25}},"loc":{"start":{"line":11,"column":30},"end":{"line":13,"column":5}},"line":11},"3":{"name":"(anonymous_3)","decl":{"start":{"line":35,"column":40},"end":{"line":35,"column":41}},"loc":{"start":{"line":35,"column":46},"end":{"line":35,"column":60}},"line":35},"4":{"name":"(anonymous_4)","decl":{"start":{"line":42,"column":25},"end":{"line":42,"column":26}},"loc":{"start":{"line":42,"column":31},"end":{"line":42,"column":46}},"line":42},"5":{"name":"(anonymous_5)","decl":{"start":{"line":50,"column":25},"end":{"line":50,"column":26}},"loc":{"start":{"line":50,"column":31},"end":{"line":50,"column":46}},"line":50},"6":{"name":"(anonymous_6)","decl":{"start":{"line":58,"column":25},"end":{"line":58,"column":26}},"loc":{"start":{"line":58,"column":31},"end":{"line":58,"column":48}},"line":58},"7":{"name":"(anonymous_7)","decl":{"start":{"line":66,"column":25},"end":{"line":66,"column":26}},"loc":{"start":{"line":66,"column":31},"end":{"line":66,"column":48}},"line":66}},"branchMap":{"0":{"loc":{"start":{"line":41,"column":27},"end":{"line":41,"column":58}},"type":"cond-expr","locations":[{"start":{"line":41,"column":45},"end":{"line":41,"column":53}},{"start":{"line":41,"column":56},"end":{"line":41,"column":58}}],"line":41},"1":{"loc":{"start":{"line":49,"column":27},"end":{"line":49,"column":58}},"type":"cond-expr","locations":[{"start":{"line":49,"column":45},"end":{"line":49,"column":53}},{"start":{"line":49,"column":56},"end":{"line":49,"column":58}}],"line":49},"2":{"loc":{"start":{"line":57,"column":27},"end":{"line":57,"column":60}},"type":"cond-expr","locations":[{"start":{"line":57,"column":47},"end":{"line":57,"column":55}},{"start":{"line":57,"column":58},"end":{"line":57,"column":60}}],"line":57},"3":{"loc":{"start":{"line":65,"column":27},"end":{"line":65,"column":60}},"type":"cond-expr","locations":[{"start":{"line":65,"column":47},"end":{"line":65,"column":55}},{"start":{"line":65,"column":58},"end":{"line":65,"column":60}}],"line":65},"4":{"loc":{"start":{"line":72,"column":11},"end":{"line":85,"column":11}},"type":"binary-expr","locations":[{"start":{"line":72,"column":11},"end":{"line":72,"column":31}},{"start":{"line":73,"column":12},"end":{"line":84,"column":18}}],"line":72}},"s":{"0":3,"1":10,"2":10,"3":10,"4":1,"5":10,"6":10,"7":1,"8":1,"9":1,"10":1,"11":1},"f":{"0":10,"1":10,"2":1,"3":1,"4":1,"5":1,"6":1,"7":1},"b":{"0":[1,9],"1":[1,9],"2":[1,9],"3":[1,9],"4":[10,0]},"_coverageSchema":"1a1c01bbd47fc00a2c39e90264f33305004495a9","hash":"7876816412e8965ef9b49f4e5c94b39f4a10b97d"}
,"/Users/chritsophersarmiento/git/my-portfolio/client/src/components/Jumbotron.js": {"path":"/Users/chritsophersarmiento/git/my-portfolio/client/src/components/Jumbotron.js","statementMap":{"0":{"start":{"line":5,"column":18},"end":{"line":19,"column":1}},"1":{"start":{"line":6,"column":2},"end":{"line":18,"column":4}}},"fnMap":{"0":{"name":"(anonymous_0)","decl":{"start":{"line":5,"column":18},"end":{"line":5,"column":19}},"loc":{"start":{"line":5,"column":33},"end":{"line":19,"column":1}},"line":5}},"branchMap":{},"s":{"0":10,"1":76},"f":{"0":76},"b":{},"_coverageSchema":"1a1c01bbd47fc00a2c39e90264f33305004495a9","hash":"6e3fe0efba5c8391273b00126588009338da8040"}
,"/Users/chritsophersarmiento/git/my-portfolio/client/src/components/Page.jsx": {"path":"/Users/chritsophersarmiento/git/my-portfolio/client/src/components/Page.jsx","statementMap":{"0":{"start":{"line":5,"column":13},"end":{"line":12,"column":1}},"1":{"start":{"line":6,"column":2},"end":{"line":11,"column":4}}},"fnMap":{"0":{"name":"(anonymous_0)","decl":{"start":{"line":5,"column":13},"end":{"line":5,"column":14}},"loc":{"start":{"line":5,"column":38},"end":{"line":12,"column":1}},"line":5}},"branchMap":{},"s":{"0":10,"1":76},"f":{"0":76},"b":{},"_coverageSchema":"1a1c01bbd47fc00a2c39e90264f33305004495a9","hash":"0cf3c5d34e9ba6daaebe8e3a3f118be9547954b8"}
,"/Users/chritsophersarmiento/git/my-portfolio/client/src/components/Paginate.jsx": {"path":"/Users/chritsophersarmiento/git/my-portfolio/client/src/components/Paginate.jsx","statementMap":{"0":{"start":{"line":7,"column":17},"end":{"line":32,"column":1}},"1":{"start":{"line":8,"column":20},"end":{"line":8,"column":58}},"2":{"start":{"line":9,"column":2},"end":{"line":9,"column":35}},"3":{"start":{"line":9,"column":23},"end":{"line":9,"column":35}},"4":{"start":{"line":10,"column":15},"end":{"line":10,"column":25}},"5":{"start":{"line":11,"column":14},"end":{"line":11,"column":16}},"6":{"start":{"line":12,"column":2},"end":{"line":22,"column":3}},"7":{"start":{"line":12,"column":20},"end":{"line":12,"column":21}},"8":{"start":{"line":13,"column":4},"end":{"line":21,"column":6}},"9":{"start":{"line":17,"column":23},"end":{"line":17,"column":43}},"10":{"start":{"line":25,"column":4},"end":{"line":28,"column":10}},"11":{"start":{"line":31,"column":2},"end":{"line":31,"column":25}},"12":{"start":{"line":36,"column":0},"end":{"line":41,"column":2}}},"fnMap":{"0":{"name":"(anonymous_0)","decl":{"start":{"line":7,"column":17},"end":{"line":7,"column":18}},"loc":{"start":{"line":7,"column":72},"end":{"line":32,"column":1}},"line":7},"1":{"name":"(anonymous_1)","decl":{"start":{"line":17,"column":17},"end":{"line":17,"column":18}},"loc":{"start":{"line":17,"column":23},"end":{"line":17,"column":43}},"line":17}},"branchMap":{"0":{"loc":{"start":{"line":9,"column":2},"end":{"line":9,"column":35}},"type":"if","locations":[{"start":{"line":9,"column":2},"end":{"line":9,"column":35}},{"start":{},"end":{}}],"line":9}},"s":{"0":4,"1":9,"2":9,"3":2,"4":7,"5":7,"6":7,"7":7,"8":12,"9":1,"10":7,"11":7,"12":4},"f":{"0":9,"1":1},"b":{"0":[2,7]},"_coverageSchema":"1a1c01bbd47fc00a2c39e90264f33305004495a9","hash":"10f247e56051d4f4eec9bdeee553d166f3658795"}
,"/Users/chritsophersarmiento/git/my-portfolio/client/src/components/ResumeModal.jsx": {"path":"/Users/chritsophersarmiento/git/my-portfolio/client/src/components/ResumeModal.jsx","statementMap":{"0":{"start":{"line":6,"column":20},"end":{"line":34,"column":1}},"1":{"start":{"line":7,"column":2},"end":{"line":33,"column":4}},"2":{"start":{"line":10,"column":20},"end":{"line":10,"column":39}},"3":{"start":{"line":28,"column":56},"end":{"line":28,"column":75}}},"fnMap":{"0":{"name":"(anonymous_0)","decl":{"start":{"line":6,"column":20},"end":{"line":6,"column":21}},"loc":{"start":{"line":6,"column":53},"end":{"line":34,"column":1}},"line":6},"1":{"name":"(anonymous_1)","decl":{"start":{"line":10,"column":14},"end":{"line":10,"column":15}},"loc":{"start":{"line":10,"column":20},"end":{"line":10,"column":39}},"line":10},"2":{"name":"(anonymous_2)","decl":{"start":{"line":28,"column":50},"end":{"line":28,"column":51}},"loc":{"start":{"line":28,"column":56},"end":{"line":28,"column":75}},"line":28}},"branchMap":{},"s":{"0":5,"1":10,"2":1,"3":1},"f":{"0":10,"1":1,"2":1},"b":{},"_coverageSchema":"1a1c01bbd47fc00a2c39e90264f33305004495a9","hash":"892a01bc550eba37cf95d762646adfb473641c14"}
,"/Users/chritsophersarmiento/git/my-portfolio/client/src/components/SongsListGroup.jsx": {"path":"/Users/chritsophersarmiento/git/my-portfolio/client/src/components/SongsListGroup.jsx","statementMap":{"0":{"start":{"line":6,"column":23},"end":{"line":33,"column":1}},"1":{"start":{"line":7,"column":18},"end":{"line":7,"column":28}},"2":{"start":{"line":9,"column":2},"end":{"line":32,"column":4}},"3":{"start":{"line":19,"column":8},"end":{"line":29,"column":25}},"4":{"start":{"line":23,"column":25},"end":{"line":23,"column":52}},"5":{"start":{"line":37,"column":0},"end":{"line":40,"column":2}}},"fnMap":{"0":{"name":"(anonymous_0)","decl":{"start":{"line":6,"column":23},"end":{"line":6,"column":24}},"loc":{"start":{"line":6,"column":63},"end":{"line":33,"column":1}},"line":6},"1":{"name":"(anonymous_1)","decl":{"start":{"line":18,"column":19},"end":{"line":18,"column":20}},"loc":{"start":{"line":19,"column":8},"end":{"line":29,"column":25}},"line":19},"2":{"name":"(anonymous_2)","decl":{"start":{"line":23,"column":19},"end":{"line":23,"column":20}},"loc":{"start":{"line":23,"column":25},"end":{"line":23,"column":52}},"line":23}},"branchMap":{"0":{"loc":{"start":{"line":22,"column":18},"end":{"line":22,"column":63}},"type":"cond-expr","locations":[{"start":{"line":22,"column":51},"end":{"line":22,"column":55}},{"start":{"line":22,"column":58},"end":{"line":22,"column":63}}],"line":22}},"s":{"0":4,"1":9,"2":9,"3":36,"4":2,"5":4},"f":{"0":9,"1":36,"2":2},"b":{"0":[9,27]},"_coverageSchema":"1a1c01bbd47fc00a2c39e90264f33305004495a9","hash":"b17676f1bf0e7679c312943be545b3136d16469f"}
,"/Users/chritsophersarmiento/git/my-portfolio/client/src/components/SongsTable.jsx": {"path":"/Users/chritsophersarmiento/git/my-portfolio/client/src/components/SongsTable.jsx","statementMap":{"0":{"start":{"line":7,"column":19},"end":{"line":64,"column":1}},"1":{"start":{"line":17,"column":4},"end":{"line":19,"column":16}},"2":{"start":{"line":18,"column":31},"end":{"line":18,"column":58}},"3":{"start":{"line":21,"column":23},"end":{"line":21,"column":24}},"4":{"start":{"line":22,"column":23},"end":{"line":22,"column":48}},"5":{"start":{"line":24,"column":21},"end":{"line":26,"column":3}},"6":{"start":{"line":25,"column":4},"end":{"line":25,"column":28}},"7":{"start":{"line":28,"column":23},"end":{"line":38,"column":6}},"8":{"start":{"line":31,"column":6},"end":{"line":37,"column":11}},"9":{"start":{"line":40,"column":2},"end":{"line":63,"column":4}},"10":{"start":{"line":68,"column":0},"end":{"line":76,"column":2}}},"fnMap":{"0":{"name":"(anonymous_0)","decl":{"start":{"line":7,"column":19},"end":{"line":7,"column":20}},"loc":{"start":{"line":15,"column":6},"end":{"line":64,"column":1}},"line":15},"1":{"name":"(anonymous_1)","decl":{"start":{"line":18,"column":24},"end":{"line":18,"column":25}},"loc":{"start":{"line":18,"column":31},"end":{"line":18,"column":58}},"line":18},"2":{"name":"(anonymous_2)","decl":{"start":{"line":24,"column":21},"end":{"line":24,"column":22}},"loc":{"start":{"line":24,"column":35},"end":{"line":26,"column":3}},"line":24},"3":{"name":"(anonymous_3)","decl":{"start":{"line":30,"column":9},"end":{"line":30,"column":10}},"loc":{"start":{"line":31,"column":6},"end":{"line":37,"column":11}},"line":31}},"branchMap":{"0":{"loc":{"start":{"line":17,"column":4},"end":{"line":19,"column":16}},"type":"cond-expr","locations":[{"start":{"line":18,"column":8},"end":{"line":18,"column":59}},{"start":{"line":19,"column":8},"end":{"line":19,"column":16}}],"line":17}},"s":{"0":4,"1":9,"2":24,"3":9,"4":9,"5":9,"6":1,"7":9,"8":20,"9":9,"10":4},"f":{"0":9,"1":24,"2":1,"3":20},"b":{"0":[2,7]},"_coverageSchema":"1a1c01bbd47fc00a2c39e90264f33305004495a9","hash":"7e7e41a25ae4fc30de03017dd24b8da138942a7b"}
,"/Users/chritsophersarmiento/git/my-portfolio/client/src/components/SongsTableHeader.jsx": {"path":"/Users/chritsophersarmiento/git/my-portfolio/client/src/components/SongsTableHeader.jsx","statementMap":{"0":{"start":{"line":4,"column":25},"end":{"line":68,"column":1}},"1":{"start":{"line":10,"column":18},"end":{"line":16,"column":3}},"2":{"start":{"line":18,"column":21},"end":{"line":34,"column":3}},"3":{"start":{"line":19,"column":16},"end":{"line":19,"column":75}},"4":{"start":{"line":20,"column":4},"end":{"line":26,"column":5}},"5":{"start":{"line":21,"column":21},"end":{"line":23,"column":7}},"6":{"start":{"line":22,"column":8},"end":{"line":22,"column":38}},"7":{"start":{"line":24,"column":6},"end":{"line":24,"column":26}},"8":{"start":{"line":25,"column":6},"end":{"line":25,"column":59}},"9":{"start":{"line":27,"column":4},"end":{"line":33,"column":5}},"10":{"start":{"line":28,"column":21},"end":{"line":30,"column":7}},"11":{"start":{"line":29,"column":8},"end":{"line":29,"column":38}},"12":{"start":{"line":31,"column":6},"end":{"line":31,"column":26}},"13":{"start":{"line":32,"column":6},"end":{"line":32,"column":58}},"14":{"start":{"line":36,"column":25},"end":{"line":46,"column":3}},"15":{"start":{"line":37,"column":4},"end":{"line":45,"column":7}},"16":{"start":{"line":38,"column":6},"end":{"line":44,"column":11}},"17":{"start":{"line":41,"column":23},"end":{"line":41,"column":46}},"18":{"start":{"line":48,"column":26},"end":{"line":53,"column":3}},"19":{"start":{"line":49,"column":4},"end":{"line":49,"column":53}},"20":{"start":{"line":49,"column":41},"end":{"line":49,"column":53}},"21":{"start":{"line":50,"column":4},"end":{"line":52,"column":49}},"22":{"start":{"line":51,"column":6},"end":{"line":51,"column":47}},"23":{"start":{"line":52,"column":9},"end":{"line":52,"column":49}},"24":{"start":{"line":55,"column":22},"end":{"line":61,"column":3}},"25":{"start":{"line":56,"column":4},"end":{"line":56,"column":59}},"26":{"start":{"line":56,"column":33},"end":{"line":56,"column":59}},"27":{"start":{"line":57,"column":4},"end":{"line":57,"column":61}},"28":{"start":{"line":57,"column":35},"end":{"line":57,"column":61}},"29":{"start":{"line":58,"column":4},"end":{"line":58,"column":60}},"30":{"start":{"line":58,"column":34},"end":{"line":58,"column":60}},"31":{"start":{"line":59,"column":4},"end":{"line":59,"column":61}},"32":{"start":{"line":59,"column":35},"end":{"line":59,"column":61}},"33":{"start":{"line":60,"column":4},"end":{"line":60,"column":68}},"34":{"start":{"line":60,"column":42},"end":{"line":60,"column":68}},"35":{"start":{"line":63,"column":2},"end":{"line":67,"column":4}},"36":{"start":{"line":72,"column":0},"end":{"line":77,"column":2}}},"fnMap":{"0":{"name":"(anonymous_0)","decl":{"start":{"line":4,"column":25},"end":{"line":4,"column":26}},"loc":{"start":{"line":9,"column":6},"end":{"line":68,"column":1}},"line":9},"1":{"name":"(anonymous_1)","decl":{"start":{"line":18,"column":21},"end":{"line":18,"column":22}},"loc":{"start":{"line":18,"column":33},"end":{"line":34,"column":3}},"line":18},"2":{"name":"(anonymous_2)","decl":{"start":{"line":21,"column":37},"end":{"line":21,"column":38}},"loc":{"start":{"line":22,"column":8},"end":{"line":22,"column":38}},"line":22},"3":{"name":"(anonymous_3)","decl":{"start":{"line":28,"column":37},"end":{"line":28,"column":38}},"loc":{"start":{"line":29,"column":8},"end":{"line":29,"column":38}},"line":29},"4":{"name":"(anonymous_4)","decl":{"start":{"line":36,"column":25},"end":{"line":36,"column":26}},"loc":{"start":{"line":36,"column":38},"end":{"line":46,"column":3}},"line":36},"5":{"name":"(anonymous_5)","decl":{"start":{"line":37,"column":23},"end":{"line":37,"column":24}},"loc":{"start":{"line":38,"column":6},"end":{"line":44,"column":11}},"line":38},"6":{"name":"(anonymous_6)","decl":{"start":{"line":41,"column":17},"end":{"line":41,"column":18}},"loc":{"start":{"line":41,"column":23},"end":{"line":41,"column":46}},"line":41},"7":{"name":"(anonymous_7)","decl":{"start":{"line":48,"column":26},"end":{"line":48,"column":27}},"loc":{"start":{"line":48,"column":38},"end":{"line":53,"column":3}},"line":48},"8":{"name":"(anonymous_8)","decl":{"start":{"line":55,"column":22},"end":{"line":55,"column":23}},"loc":{"start":{"line":55,"column":34},"end":{"line":61,"column":3}},"line":55}},"branchMap":{"0":{"loc":{"start":{"line":19,"column":16},"end":{"line":19,"column":75}},"type":"cond-expr","locations":[{"start":{"line":19,"column":45},"end":{"line":19,"column":56}},{"start":{"line":19,"column":59},"end":{"line":19,"column":75}}],"line":19},"1":{"loc":{"start":{"line":20,"column":4},"end":{"line":26,"column":5}},"type":"if","locations":[{"start":{"line":20,"column":4},"end":{"line":26,"column":5}},{"start":{},"end":{}}],"line":20},"2":{"loc":{"start":{"line":22,"column":8},"end":{"line":22,"column":38}},"type":"cond-expr","locations":[{"start":{"line":22,"column":32},"end":{"line":22,"column":33}},{"start":{"line":22,"column":36},"end":{"line":22,"column":38}}],"line":22},"3":{"loc":{"start":{"line":27,"column":4},"end":{"line":33,"column":5}},"type":"if","locations":[{"start":{"line":27,"column":4},"end":{"line":33,"column":5}},{"start":{},"end":{}}],"line":27},"4":{"loc":{"start":{"line":29,"column":8},"end":{"line":29,"column":38}},"type":"cond-expr","locations":[{"start":{"line":29,"column":32},"end":{"line":29,"column":33}},{"start":{"line":29,"column":36},"end":{"line":29,"column":38}}],"line":29},"5":{"loc":{"start":{"line":49,"column":4},"end":{"line":49,"column":53}},"type":"if","locations":[{"start":{"line":49,"column":4},"end":{"line":49,"column":53}},{"start":{},"end":{}}],"line":49},"6":{"loc":{"start":{"line":50,"column":4},"end":{"line":52,"column":49}},"type":"if","locations":[{"start":{"line":50,"column":4},"end":{"line":52,"column":49}},{"start":{"line":52,"column":9},"end":{"line":52,"column":49}}],"line":50},"7":{"loc":{"start":{"line":56,"column":4},"end":{"line":56,"column":59}},"type":"if","locations":[{"start":{"line":56,"column":4},"end":{"line":56,"column":59}},{"start":{},"end":{}}],"line":56},"8":{"loc":{"start":{"line":57,"column":4},"end":{"line":57,"column":61}},"type":"if","locations":[{"start":{"line":57,"column":4},"end":{"line":57,"column":61}},{"start":{},"end":{}}],"line":57},"9":{"loc":{"start":{"line":58,"column":4},"end":{"line":58,"column":60}},"type":"if","locations":[{"start":{"line":58,"column":4},"end":{"line":58,"column":60}},{"start":{},"end":{}}],"line":58},"10":{"loc":{"start":{"line":59,"column":4},"end":{"line":59,"column":61}},"type":"if","locations":[{"start":{"line":59,"column":4},"end":{"line":59,"column":61}},{"start":{},"end":{}}],"line":59},"11":{"loc":{"start":{"line":60,"column":4},"end":{"line":60,"column":68}},"type":"if","locations":[{"start":{"line":60,"column":4},"end":{"line":60,"column":68}},{"start":{},"end":{}}],"line":60}},"s":{"0":4,"1":9,"2":9,"3":2,"4":2,"5":1,"6":32,"7":1,"8":1,"9":2,"10":1,"11":11,"12":1,"13":1,"14":9,"15":9,"16":45,"17":2,"18":9,"19":45,"20":41,"21":4,"22":3,"23":1,"24":9,"25":45,"26":9,"27":36,"28":9,"29":27,"30":9,"31":18,"32":9,"33":9,"34":9,"35":9,"36":4},"f":{"0":9,"1":2,"2":32,"3":11,"4":9,"5":45,"6":2,"7":45,"8":45},"b":{"0":[1,1],"1":[1,1],"2":[13,19],"3":[1,1],"4":[0,11],"5":[41,4],"6":[3,1],"7":[9,36],"8":[9,27],"9":[9,18],"10":[9,9],"11":[9,0]},"_coverageSchema":"1a1c01bbd47fc00a2c39e90264f33305004495a9","hash":"23c7b7094bdb4eb0861c4a1dc71cb9f2c83b86a6"}
,"/Users/chritsophersarmiento/git/my-portfolio/client/src/hooks/useAuth.js": {"path":"/Users/chritsophersarmiento/git/my-portfolio/client/src/hooks/useAuth.js","statementMap":{"0":{"start":{"line":5,"column":16},"end":{"line":5,"column":29}},"1":{"start":{"line":6,"column":17},"end":{"line":6,"column":40}},"2":{"start":{"line":7,"column":19},"end":{"line":7,"column":38}},"3":{"start":{"line":9,"column":0},"end":{"line":9,"column":38}},"4":{"start":{"line":11,"column":16},"end":{"line":82,"column":1}},"5":{"start":{"line":12,"column":28},"end":{"line":15,"column":4}},"6":{"start":{"line":13,"column":4},"end":{"line":13,"column":44}},"7":{"start":{"line":13,"column":32},"end":{"line":13,"column":44}},"8":{"start":{"line":14,"column":4},"end":{"line":14,"column":17}},"9":{"start":{"line":17,"column":20},"end":{"line":17,"column":48}},"10":{"start":{"line":18,"column":2},"end":{"line":34,"column":9}},"11":{"start":{"line":19,"column":4},"end":{"line":33,"column":9}},"12":{"start":{"line":20,"column":6},"end":{"line":32,"column":7}},"13":{"start":{"line":21,"column":8},"end":{"line":21,"column":59}},"14":{"start":{"line":23,"column":8},"end":{"line":26,"column":9}},"15":{"start":{"line":24,"column":10},"end":{"line":24,"column":59}},"16":{"start":{"line":25,"column":10},"end":{"line":25,"column":32}},"17":{"start":{"line":36,"column":22},"end":{"line":53,"column":3}},"18":{"start":{"line":37,"column":4},"end":{"line":52,"column":5}},"19":{"start":{"line":38,"column":23},"end":{"line":45,"column":7}},"20":{"start":{"line":46,"column":17},"end":{"line":46,"column":51}},"21":{"start":{"line":47,"column":6},"end":{"line":47,"column":41}},"22":{"start":{"line":48,"column":6},"end":{"line":48,"column":20}},"23":{"start":{"line":49,"column":6},"end":{"line":49,"column":31}},"24":{"start":{"line":51,"column":6},"end":{"line":51,"column":46}},"25":{"start":{"line":55,"column":23},"end":{"line":72,"column":3}},"26":{"start":{"line":56,"column":4},"end":{"line":56,"column":60}},"27":{"start":{"line":57,"column":4},"end":{"line":67,"column":9}},"28":{"start":{"line":66,"column":8},"end":{"line":66,"column":62}},"29":{"start":{"line":69,"column":4},"end":{"line":69,"column":19}},"30":{"start":{"line":70,"column":4},"end":{"line":70,"column":25}},"31":{"start":{"line":71,"column":4},"end":{"line":71,"column":29}},"32":{"start":{"line":74,"column":2},"end":{"line":81,"column":4}}},"fnMap":{"0":{"name":"(anonymous_0)","decl":{"start":{"line":11,"column":16},"end":{"line":11,"column":17}},"loc":{"start":{"line":11,"column":22},"end":{"line":82,"column":1}},"line":11},"1":{"name":"(anonymous_1)","decl":{"start":{"line":12,"column":37},"end":{"line":12,"column":38}},"loc":{"start":{"line":12,"column":43},"end":{"line":15,"column":3}},"line":12},"2":{"name":"(anonymous_2)","decl":{"start":{"line":18,"column":12},"end":{"line":18,"column":13}},"loc":{"start":{"line":18,"column":18},"end":{"line":34,"column":3}},"line":18},"3":{"name":"(anonymous_3)","decl":{"start":{"line":19,"column":5},"end":{"line":19,"column":6}},"loc":{"start":{"line":19,"column":17},"end":{"line":33,"column":5}},"line":19},"4":{"name":"(anonymous_4)","decl":{"start":{"line":36,"column":22},"end":{"line":36,"column":23}},"loc":{"start":{"line":36,"column":52},"end":{"line":53,"column":3}},"line":36},"5":{"name":"(anonymous_5)","decl":{"start":{"line":55,"column":23},"end":{"line":55,"column":24}},"loc":{"start":{"line":55,"column":29},"end":{"line":72,"column":3}},"line":55},"6":{"name":"(anonymous_6)","decl":{"start":{"line":65,"column":13},"end":{"line":65,"column":14}},"loc":{"start":{"line":65,"column":19},"end":{"line":67,"column":7}},"line":65}},"branchMap":{"0":{"loc":{"start":{"line":13,"column":4},"end":{"line":13,"column":44}},"type":"if","locations":[{"start":{"line":13,"column":4},"end":{"line":13,"column":44}},{"start":{},"end":{}}],"line":13},"1":{"loc":{"start":{"line":13,"column":8},"end":{"line":13,"column":30}},"type":"binary-expr","locations":[{"start":{"line":13,"column":8},"end":{"line":13,"column":18}},{"start":{"line":13,"column":22},"end":{"line":13,"column":30}}],"line":13},"2":{"loc":{"start":{"line":23,"column":8},"end":{"line":26,"column":9}},"type":"if","locations":[{"start":{"line":23,"column":8},"end":{"line":26,"column":9}},{"start":{},"end":{}}],"line":23}},"s":{"0":9,"1":9,"2":9,"3":9,"4":9,"5":99,"6":37,"7":0,"8":37,"9":99,"10":99,"11":35,"12":35,"13":35,"14":1,"15":1,"16":1,"17":99,"18":4,"19":4,"20":2,"21":2,"22":2,"23":2,"24":2,"25":99,"26":2,"27":2,"28":1,"29":2,"30":2,"31":2,"32":99},"f":{"0":99,"1":37,"2":35,"3":35,"4":4,"5":2,"6":1},"b":{"0":[0,37],"1":[37,37],"2":[1,0]},"_coverageSchema":"1a1c01bbd47fc00a2c39e90264f33305004495a9","hash":"8d602ad872dd7591c84cec04b6fe7cdd33276cf0"}
,"/Users/chritsophersarmiento/git/my-portfolio/client/src/hooks/useContact.js": {"path":"/Users/chritsophersarmiento/git/my-portfolio/client/src/hooks/useContact.js","statementMap":{"0":{"start":{"line":5,"column":26},"end":{"line":92,"column":1}},"1":{"start":{"line":6,"column":30},"end":{"line":6,"column":42}},"2":{"start":{"line":7,"column":30},"end":{"line":7,"column":42}},"3":{"start":{"line":8,"column":36},"end":{"line":8,"column":51}},"4":{"start":{"line":10,"column":2},"end":{"line":12,"column":15}},"5":{"start":{"line":11,"column":4},"end":{"line":11,"column":24}},"6":{"start":{"line":14,"column":19},"end":{"line":44,"column":3}},"7":{"start":{"line":15,"column":4},"end":{"line":43,"column":5}},"8":{"start":{"line":17,"column":8},"end":{"line":25,"column":9}},"9":{"start":{"line":18,"column":10},"end":{"line":21,"column":13}},"10":{"start":{"line":23,"column":23},"end":{"line":23,"column":47}},"11":{"start":{"line":24,"column":10},"end":{"line":24,"column":28}},"12":{"start":{"line":26,"column":8},"end":{"line":26,"column":14}},"13":{"start":{"line":29,"column":8},"end":{"line":41,"column":9}},"14":{"start":{"line":34,"column":10},"end":{"line":37,"column":13}},"15":{"start":{"line":39,"column":23},"end":{"line":39,"column":44}},"16":{"start":{"line":40,"column":10},"end":{"line":40,"column":28}},"17":{"start":{"line":42,"column":8},"end":{"line":42,"column":14}},"18":{"start":{"line":46,"column":23},"end":{"line":58,"column":3}},"19":{"start":{"line":47,"column":4},"end":{"line":47,"column":16}},"20":{"start":{"line":49,"column":15},"end":{"line":49,"column":28}},"21":{"start":{"line":50,"column":14},"end":{"line":50,"column":28}},"22":{"start":{"line":52,"column":4},"end":{"line":52,"column":24}},"23":{"start":{"line":54,"column":4},"end":{"line":57,"column":7}},"24":{"start":{"line":60,"column":23},"end":{"line":81,"column":3}},"25":{"start":{"line":61,"column":4},"end":{"line":61,"column":23}},"26":{"start":{"line":62,"column":4},"end":{"line":80,"column":5}},"27":{"start":{"line":63,"column":6},"end":{"line":63,"column":25}},"28":{"start":{"line":64,"column":6},"end":{"line":64,"column":43}},"29":{"start":{"line":65,"column":6},"end":{"line":75,"column":7}},"30":{"start":{"line":66,"column":8},"end":{"line":66,"column":59}},"31":{"start":{"line":67,"column":8},"end":{"line":70,"column":11}},"32":{"start":{"line":71,"column":8},"end":{"line":71,"column":74}},"33":{"start":{"line":72,"column":8},"end":{"line":72,"column":33}},"34":{"start":{"line":74,"column":8},"end":{"line":74,"column":31}},"35":{"start":{"line":77,"column":6},"end":{"line":79,"column":8}},"36":{"start":{"line":83,"column":2},"end":{"line":91,"column":4}}},"fnMap":{"0":{"name":"(anonymous_0)","decl":{"start":{"line":5,"column":26},"end":{"line":5,"column":27}},"loc":{"start":{"line":5,"column":32},"end":{"line":92,"column":1}},"line":5},"1":{"name":"(anonymous_1)","decl":{"start":{"line":10,"column":12},"end":{"line":10,"column":13}},"loc":{"start":{"line":10,"column":18},"end":{"line":12,"column":3}},"line":10},"2":{"name":"(anonymous_2)","decl":{"start":{"line":14,"column":19},"end":{"line":14,"column":20}},"loc":{"start":{"line":14,"column":36},"end":{"line":44,"column":3}},"line":14},"3":{"name":"(anonymous_3)","decl":{"start":{"line":46,"column":23},"end":{"line":46,"column":24}},"loc":{"start":{"line":46,"column":30},"end":{"line":58,"column":3}},"line":46},"4":{"name":"(anonymous_4)","decl":{"start":{"line":60,"column":23},"end":{"line":60,"column":24}},"loc":{"start":{"line":60,"column":36},"end":{"line":81,"column":3}},"line":60}},"branchMap":{"0":{"loc":{"start":{"line":15,"column":4},"end":{"line":43,"column":5}},"type":"switch","locations":[{"start":{"line":16,"column":6},"end":{"line":26,"column":14}},{"start":{"line":28,"column":6},"end":{"line":42,"column":14}}],"line":15},"1":{"loc":{"start":{"line":17,"column":8},"end":{"line":25,"column":9}},"type":"if","locations":[{"start":{"line":17,"column":8},"end":{"line":25,"column":9}},{"start":{"line":22,"column":15},"end":{"line":25,"column":9}}],"line":17},"2":{"loc":{"start":{"line":29,"column":8},"end":{"line":41,"column":9}},"type":"if","locations":[{"start":{"line":29,"column":8},"end":{"line":41,"column":9}},{"start":{"line":38,"column":15},"end":{"line":41,"column":9}}],"line":29},"3":{"loc":{"start":{"line":62,"column":4},"end":{"line":80,"column":5}},"type":"if","locations":[{"start":{"line":62,"column":4},"end":{"line":80,"column":5}},{"start":{"line":76,"column":11},"end":{"line":80,"column":5}}],"line":62}},"s":{"0":4,"1":20,"2":20,"3":20,"4":20,"5":10,"6":20,"7":6,"8":3,"9":1,"10":2,"11":2,"12":3,"13":3,"14":1,"15":2,"16":2,"17":3,"18":20,"19":6,"20":6,"21":6,"22":6,"23":6,"24":20,"25":6,"26":6,"27":4,"28":4,"29":4,"30":4,"31":2,"32":2,"33":2,"34":2,"35":2,"36":20},"f":{"0":20,"1":10,"2":6,"3":6,"4":6},"b":{"0":[3,3],"1":[1,2],"2":[1,2],"3":[4,2]},"_coverageSchema":"1a1c01bbd47fc00a2c39e90264f33305004495a9","hash":"57cbb30247058096584915b24a721d026789dd5e"}
,"/Users/chritsophersarmiento/git/my-portfolio/client/src/hooks/useLogin.js": {"path":"/Users/chritsophersarmiento/git/my-portfolio/client/src/hooks/useLogin.js","statementMap":{"0":{"start":{"line":4,"column":17},"end":{"line":67,"column":1}},"1":{"start":{"line":5,"column":34},"end":{"line":5,"column":46}},"2":{"start":{"line":6,"column":34},"end":{"line":6,"column":46}},"3":{"start":{"line":7,"column":30},"end":{"line":7,"column":42}},"4":{"start":{"line":9,"column":19},"end":{"line":35,"column":3}},"5":{"start":{"line":10,"column":4},"end":{"line":34,"column":5}},"6":{"start":{"line":12,"column":8},"end":{"line":20,"column":9}},"7":{"start":{"line":13,"column":10},"end":{"line":16,"column":13}},"8":{"start":{"line":18,"column":23},"end":{"line":18,"column":47}},"9":{"start":{"line":19,"column":10},"end":{"line":19,"column":28}},"10":{"start":{"line":21,"column":8},"end":{"line":21,"column":14}},"11":{"start":{"line":24,"column":8},"end":{"line":32,"column":9}},"12":{"start":{"line":25,"column":10},"end":{"line":28,"column":13}},"13":{"start":{"line":30,"column":23},"end":{"line":30,"column":47}},"14":{"start":{"line":31,"column":10},"end":{"line":31,"column":28}},"15":{"start":{"line":33,"column":8},"end":{"line":33,"column":14}},"16":{"start":{"line":37,"column":23},"end":{"line":47,"column":3}},"17":{"start":{"line":38,"column":4},"end":{"line":38,"column":16}},"18":{"start":{"line":40,"column":15},"end":{"line":40,"column":28}},"19":{"start":{"line":41,"column":14},"end":{"line":41,"column":28}},"20":{"start":{"line":43,"column":4},"end":{"line":43,"column":24}},"21":{"start":{"line":45,"column":4},"end":{"line":45,"column":46}},"22":{"start":{"line":45,"column":29},"end":{"line":45,"column":46}},"23":{"start":{"line":46,"column":4},"end":{"line":46,"column":46}},"24":{"start":{"line":46,"column":29},"end":{"line":46,"column":46}},"25":{"start":{"line":49,"column":23},"end":{"line":57,"column":3}},"26":{"start":{"line":50,"column":4},"end":{"line":50,"column":23}},"27":{"start":{"line":52,"column":4},"end":{"line":56,"column":5}},"28":{"start":{"line":52,"column":42},"end":{"line":52,"column":53}},"29":{"start":{"line":54,"column":6},"end":{"line":54,"column":46}},"30":{"start":{"line":55,"column":6},"end":{"line":55,"column":31}},"31":{"start":{"line":59,"column":2},"end":{"line":66,"column":4}}},"fnMap":{"0":{"name":"(anonymous_0)","decl":{"start":{"line":4,"column":17},"end":{"line":4,"column":18}},"loc":{"start":{"line":4,"column":31},"end":{"line":67,"column":1}},"line":4},"1":{"name":"(anonymous_1)","decl":{"start":{"line":9,"column":19},"end":{"line":9,"column":20}},"loc":{"start":{"line":9,"column":36},"end":{"line":35,"column":3}},"line":9},"2":{"name":"(anonymous_2)","decl":{"start":{"line":37,"column":23},"end":{"line":37,"column":24}},"loc":{"start":{"line":37,"column":30},"end":{"line":47,"column":3}},"line":37},"3":{"name":"(anonymous_3)","decl":{"start":{"line":49,"column":23},"end":{"line":49,"column":24}},"loc":{"start":{"line":49,"column":30},"end":{"line":57,"column":3}},"line":49}},"branchMap":{"0":{"loc":{"start":{"line":10,"column":4},"end":{"line":34,"column":5}},"type":"switch","locations":[{"start":{"line":11,"column":6},"end":{"line":21,"column":14}},{"start":{"line":23,"column":6},"end":{"line":33,"column":14}}],"line":10},"1":{"loc":{"start":{"line":12,"column":8},"end":{"line":20,"column":9}},"type":"if","locations":[{"start":{"line":12,"column":8},"end":{"line":20,"column":9}},{"start":{"line":17,"column":15},"end":{"line":20,"column":9}}],"line":12},"2":{"loc":{"start":{"line":12,"column":12},"end":{"line":12,"column":76}},"type":"binary-expr","locations":[{"start":{"line":12,"column":12},"end":{"line":12,"column":54}},{"start":{"line":12,"column":58},"end":{"line":12,"column":76}}],"line":12},"3":{"loc":{"start":{"line":24,"column":8},"end":{"line":32,"column":9}},"type":"if","locations":[{"start":{"line":24,"column":8},"end":{"line":32,"column":9}},{"start":{"line":29,"column":15},"end":{"line":32,"column":9}}],"line":24},"4":{"loc":{"start":{"line":24,"column":12},"end":{"line":24,"column":77}},"type":"binary-expr","locations":[{"start":{"line":24,"column":12},"end":{"line":24,"column":54}},{"start":{"line":24,"column":58},"end":{"line":24,"column":77}}],"line":24},"5":{"loc":{"start":{"line":45,"column":4},"end":{"line":45,"column":46}},"type":"if","locations":[{"start":{"line":45,"column":4},"end":{"line":45,"column":46}},{"start":{},"end":{}}],"line":45},"6":{"loc":{"start":{"line":46,"column":4},"end":{"line":46,"column":46}},"type":"if","locations":[{"start":{"line":46,"column":4},"end":{"line":46,"column":46}},{"start":{},"end":{}}],"line":46},"7":{"loc":{"start":{"line":52,"column":4},"end":{"line":56,"column":5}},"type":"if","locations":[{"start":{"line":52,"column":4},"end":{"line":56,"column":5}},{"start":{"line":53,"column":9},"end":{"line":56,"column":5}}],"line":52}},"s":{"0":2,"1":16,"2":16,"3":16,"4":16,"5":6,"6":3,"7":1,"8":2,"9":2,"10":3,"11":3,"12":1,"13":2,"14":2,"15":3,"16":16,"17":6,"18":6,"19":6,"20":6,"21":6,"22":3,"23":6,"24":3,"25":16,"26":5,"27":5,"28":4,"29":1,"30":1,"31":16},"f":{"0":16,"1":6,"2":6,"3":5},"b":{"0":[3,3],"1":[1,2],"2":[3,2],"3":[1,2],"4":[3,2],"5":[3,3],"6":[3,3],"7":[4,1]},"_coverageSchema":"1a1c01bbd47fc00a2c39e90264f33305004495a9","hash":"bb0c8f8c352c70e99239bec4556cd37c9d80b08b"}
,"/Users/chritsophersarmiento/git/my-portfolio/client/src/hooks/useWeather.js": {"path":"/Users/chritsophersarmiento/git/my-portfolio/client/src/hooks/useWeather.js","statementMap":{"0":{"start":{"line":4,"column":16},"end":{"line":4,"column":60}},"1":{"start":{"line":5,"column":15},"end":{"line":5,"column":44}},"2":{"start":{"line":7,"column":19},"end":{"line":77,"column":1}},"3":{"start":{"line":8,"column":28},"end":{"line":8,"column":43}},"4":{"start":{"line":9,"column":30},"end":{"line":9,"column":45}},"5":{"start":{"line":10,"column":32},"end":{"line":10,"column":46}},"6":{"start":{"line":12,"column":18},"end":{"line":36,"column":3}},"7":{"start":{"line":13,"column":4},"end":{"line":31,"column":5}},"8":{"start":{"line":14,"column":6},"end":{"line":17,"column":9}},"9":{"start":{"line":19,"column":6},"end":{"line":28,"column":7}},"10":{"start":{"line":20,"column":8},"end":{"line":20,"column":33}},"11":{"start":{"line":21,"column":8},"end":{"line":21,"column":27}},"12":{"start":{"line":22,"column":13},"end":{"line":28,"column":7}},"13":{"start":{"line":23,"column":8},"end":{"line":23,"column":66}},"14":{"start":{"line":24,"column":8},"end":{"line":24,"column":27}},"15":{"start":{"line":26,"column":8},"end":{"line":26,"column":50}},"16":{"start":{"line":27,"column":8},"end":{"line":27,"column":27}},"17":{"start":{"line":29,"column":6},"end":{"line":29,"column":23}},"18":{"start":{"line":30,"column":6},"end":{"line":30,"column":13}},"19":{"start":{"line":32,"column":4},"end":{"line":35,"column":7}},"20":{"start":{"line":38,"column":21},"end":{"line":58,"column":3}},"21":{"start":{"line":39,"column":4},"end":{"line":39,"column":21}},"22":{"start":{"line":40,"column":4},"end":{"line":56,"column":7}},"23":{"start":{"line":57,"column":4},"end":{"line":57,"column":22}},"24":{"start":{"line":60,"column":24},"end":{"line":69,"column":3}},"25":{"start":{"line":61,"column":4},"end":{"line":61,"column":20}},"26":{"start":{"line":62,"column":4},"end":{"line":62,"column":20}},"27":{"start":{"line":64,"column":21},"end":{"line":64,"column":44}},"28":{"start":{"line":65,"column":4},"end":{"line":65,"column":26}},"29":{"start":{"line":65,"column":19},"end":{"line":65,"column":26}},"30":{"start":{"line":67,"column":21},"end":{"line":67,"column":29}},"31":{"start":{"line":68,"column":4},"end":{"line":68,"column":21}},"32":{"start":{"line":71,"column":2},"end":{"line":76,"column":4}}},"fnMap":{"0":{"name":"(anonymous_0)","decl":{"start":{"line":7,"column":19},"end":{"line":7,"column":20}},"loc":{"start":{"line":7,"column":25},"end":{"line":77,"column":1}},"line":7},"1":{"name":"(anonymous_1)","decl":{"start":{"line":12,"column":18},"end":{"line":12,"column":19}},"loc":{"start":{"line":12,"column":38},"end":{"line":36,"column":3}},"line":12},"2":{"name":"(anonymous_2)","decl":{"start":{"line":38,"column":21},"end":{"line":38,"column":22}},"loc":{"start":{"line":38,"column":31},"end":{"line":58,"column":3}},"line":38},"3":{"name":"(anonymous_3)","decl":{"start":{"line":60,"column":24},"end":{"line":60,"column":25}},"loc":{"start":{"line":60,"column":44},"end":{"line":69,"column":3}},"line":60}},"branchMap":{"0":{"loc":{"start":{"line":19,"column":6},"end":{"line":28,"column":7}},"type":"if","locations":[{"start":{"line":19,"column":6},"end":{"line":28,"column":7}},{"start":{"line":22,"column":13},"end":{"line":28,"column":7}}],"line":19},"1":{"loc":{"start":{"line":22,"column":13},"end":{"line":28,"column":7}},"type":"if","locations":[{"start":{"line":22,"column":13},"end":{"line":28,"column":7}},{"start":{"line":25,"column":13},"end":{"line":28,"column":7}}],"line":22},"2":{"loc":{"start":{"line":22,"column":17},"end":{"line":22,"column":65}},"type":"binary-expr","locations":[{"start":{"line":22,"column":17},"end":{"line":22,"column":31}},{"start":{"line":22,"column":35},"end":{"line":22,"column":65}}],"line":22},"3":{"loc":{"start":{"line":65,"column":4},"end":{"line":65,"column":26}},"type":"if","locations":[{"start":{"line":65,"column":4},"end":{"line":65,"column":26}},{"start":{},"end":{}}],"line":65}},"s":{"0":4,"1":4,"2":4,"3":20,"4":20,"5":20,"6":20,"7":4,"8":4,"9":3,"10":1,"11":1,"12":2,"13":1,"14":1,"15":1,"16":1,"17":3,"18":3,"19":1,"20":20,"21":1,"22":1,"23":1,"24":20,"25":4,"26":4,"27":4,"28":4,"29":3,"30":1,"31":1,"32":20},"f":{"0":20,"1":4,"2":1,"3":4},"b":{"0":[1,2],"1":[1,1],"2":[2,1],"3":[3,1]},"_coverageSchema":"1a1c01bbd47fc00a2c39e90264f33305004495a9","hash":"64a8b454441de361d90790f6027bfaf44b7b18fe"}
,"/Users/chritsophersarmiento/git/my-portfolio/client/src/pages/About.jsx": {"path":"/Users/chritsophersarmiento/git/my-portfolio/client/src/pages/About.jsx","statementMap":{"0":{"start":{"line":10,"column":14},"end":{"line":123,"column":1}},"1":{"start":{"line":11,"column":36},"end":{"line":11,"column":51}},"2":{"start":{"line":12,"column":13},"end":{"line":12,"column":22}},"3":{"start":{"line":14,"column":22},"end":{"line":16,"column":3}},"4":{"start":{"line":15,"column":4},"end":{"line":15,"column":23}},"5":{"start":{"line":18,"column":2},"end":{"line":122,"column":4}}},"fnMap":{"0":{"name":"(anonymous_0)","decl":{"start":{"line":10,"column":14},"end":{"line":10,"column":15}},"loc":{"start":{"line":10,"column":20},"end":{"line":123,"column":1}},"line":10},"1":{"name":"(anonymous_1)","decl":{"start":{"line":14,"column":22},"end":{"line":14,"column":23}},"loc":{"start":{"line":14,"column":28},"end":{"line":16,"column":3}},"line":14}},"branchMap":{},"s":{"0":5,"1":8,"2":8,"3":8,"4":2,"5":8},"f":{"0":8,"1":2},"b":{},"_coverageSchema":"1a1c01bbd47fc00a2c39e90264f33305004495a9","hash":"d19574780de2bd8c9a404a6ad2e4975dd5937278"}
,"/Users/chritsophersarmiento/git/my-portfolio/client/src/pages/Contact.jsx": {"path":"/Users/chritsophersarmiento/git/my-portfolio/client/src/pages/Contact.jsx","statementMap":{"0":{"start":{"line":7,"column":16},"end":{"line":92,"column":1}},"1":{"start":{"line":8,"column":13},"end":{"line":8,"column":22}},"2":{"start":{"line":9,"column":60},"end":{"line":9,"column":72}},"3":{"start":{"line":11,"column":2},"end":{"line":91,"column":4}}},"fnMap":{"0":{"name":"(anonymous_0)","decl":{"start":{"line":7,"column":16},"end":{"line":7,"column":17}},"loc":{"start":{"line":7,"column":22},"end":{"line":92,"column":1}},"line":7}},"branchMap":{"0":{"loc":{"start":{"line":19,"column":13},"end":{"line":19,"column":43}},"type":"binary-expr","locations":[{"start":{"line":19,"column":13},"end":{"line":19,"column":22}},{"start":{"line":19,"column":26},"end":{"line":19,"column":43}}],"line":19}},"s":{"0":4,"1":20,"2":20,"3":20},"f":{"0":20},"b":{"0":[20,4]},"_coverageSchema":"1a1c01bbd47fc00a2c39e90264f33305004495a9","hash":"d20dcb5b0429736a8f4873ef8f51a50dd8d463b4"}
,"/Users/chritsophersarmiento/git/my-portfolio/client/src/pages/Home.jsx": {"path":"/Users/chritsophersarmiento/git/my-portfolio/client/src/pages/Home.jsx","statementMap":{"0":{"start":{"line":9,"column":13},"end":{"line":190,"column":1}},"1":{"start":{"line":10,"column":13},"end":{"line":10,"column":22}},"2":{"start":{"line":11,"column":2},"end":{"line":13,"column":9}},"3":{"start":{"line":12,"column":4},"end":{"line":12,"column":45}},"4":{"start":{"line":15,"column":2},"end":{"line":189,"column":4}}},"fnMap":{"0":{"name":"(anonymous_0)","decl":{"start":{"line":9,"column":13},"end":{"line":9,"column":14}},"loc":{"start":{"line":9,"column":19},"end":{"line":190,"column":1}},"line":9},"1":{"name":"(anonymous_1)","decl":{"start":{"line":11,"column":12},"end":{"line":11,"column":13}},"loc":{"start":{"line":11,"column":18},"end":{"line":13,"column":3}},"line":11}},"branchMap":{},"s":{"0":4,"1":5,"2":5,"3":5,"4":5},"f":{"0":5,"1":5},"b":{},"_coverageSchema":"1a1c01bbd47fc00a2c39e90264f33305004495a9","hash":"237288e4692268507e82943c5fc6fa86da06a953"}
,"/Users/chritsophersarmiento/git/my-portfolio/client/src/pages/Login.jsx": {"path":"/Users/chritsophersarmiento/git/my-portfolio/client/src/pages/Login.jsx","statementMap":{"0":{"start":{"line":10,"column":14},"end":{"line":84,"column":1}},"1":{"start":{"line":11,"column":19},"end":{"line":11,"column":32}},"2":{"start":{"line":13,"column":21},"end":{"line":20,"column":3}},"3":{"start":{"line":14,"column":4},"end":{"line":14,"column":42}},"4":{"start":{"line":16,"column":4},"end":{"line":16,"column":20}},"5":{"start":{"line":17,"column":4},"end":{"line":17,"column":20}},"6":{"start":{"line":19,"column":4},"end":{"line":19,"column":18}},"7":{"start":{"line":29,"column":6},"end":{"line":29,"column":26}},"8":{"start":{"line":30,"column":26},"end":{"line":30,"column":35}},"9":{"start":{"line":32,"column":2},"end":{"line":83,"column":4}}},"fnMap":{"0":{"name":"(anonymous_0)","decl":{"start":{"line":10,"column":14},"end":{"line":10,"column":15}},"loc":{"start":{"line":10,"column":20},"end":{"line":84,"column":1}},"line":10},"1":{"name":"(anonymous_1)","decl":{"start":{"line":13,"column":21},"end":{"line":13,"column":22}},"loc":{"start":{"line":13,"column":33},"end":{"line":20,"column":3}},"line":13}},"branchMap":{"0":{"loc":{"start":{"line":73,"column":28},"end":{"line":73,"column":63}},"type":"cond-expr","locations":[{"start":{"line":73,"column":51},"end":{"line":73,"column":56}},{"start":{"line":73,"column":59},"end":{"line":73,"column":63}}],"line":73},"1":{"loc":{"start":{"line":73,"column":28},"end":{"line":73,"column":48}},"type":"binary-expr","locations":[{"start":{"line":73,"column":28},"end":{"line":73,"column":36}},{"start":{"line":73,"column":40},"end":{"line":73,"column":48}}],"line":73}},"s":{"0":2,"1":16,"2":16,"3":4,"4":4,"5":4,"6":4,"7":16,"8":16,"9":16},"f":{"0":16,"1":4},"b":{"0":[4,12],"1":[16,7]},"_coverageSchema":"1a1c01bbd47fc00a2c39e90264f33305004495a9","hash":"d9032eec07ee8a0e9fe400f88c7da86ab17d0cf7"}
,"/Users/chritsophersarmiento/git/my-portfolio/client/src/pages/Songs.jsx": {"path":"/Users/chritsophersarmiento/git/my-portfolio/client/src/pages/Songs.jsx","statementMap":{"0":{"start":{"line":9,"column":14},"end":{"line":84,"column":1}},"1":{"start":{"line":10,"column":37},"end":{"line":10,"column":49}},"2":{"start":{"line":11,"column":34},"end":{"line":11,"column":46}},"3":{"start":{"line":12,"column":46},"end":{"line":12,"column":69}},"4":{"start":{"line":13,"column":38},"end":{"line":13,"column":49}},"5":{"start":{"line":14,"column":30},"end":{"line":14,"column":45}},"6":{"start":{"line":15,"column":38},"end":{"line":18,"column":4}},"7":{"start":{"line":20,"column":13},"end":{"line":20,"column":22}},"8":{"start":{"line":22,"column":2},"end":{"line":40,"column":9}},"9":{"start":{"line":24,"column":6},"end":{"line":24,"column":22}},"10":{"start":{"line":25,"column":6},"end":{"line":37,"column":11}},"11":{"start":{"line":30,"column":27},"end":{"line":30,"column":35}},"12":{"start":{"line":31,"column":10},"end":{"line":31,"column":28}},"13":{"start":{"line":32,"column":10},"end":{"line":32,"column":28}},"14":{"start":{"line":33,"column":10},"end":{"line":33,"column":27}},"15":{"start":{"line":36,"column":10},"end":{"line":36,"column":35}},"16":{"start":{"line":39,"column":4},"end":{"line":39,"column":19}},"17":{"start":{"line":42,"column":2},"end":{"line":46,"column":23}},"18":{"start":{"line":43,"column":4},"end":{"line":43,"column":29}},"19":{"start":{"line":44,"column":4},"end":{"line":44,"column":21}},"20":{"start":{"line":45,"column":4},"end":{"line":45,"column":52}},"21":{"start":{"line":48,"column":2},"end":{"line":83,"column":4}}},"fnMap":{"0":{"name":"(anonymous_0)","decl":{"start":{"line":9,"column":14},"end":{"line":9,"column":15}},"loc":{"start":{"line":9,"column":20},"end":{"line":84,"column":1}},"line":9},"1":{"name":"(anonymous_1)","decl":{"start":{"line":22,"column":12},"end":{"line":22,"column":13}},"loc":{"start":{"line":22,"column":18},"end":{"line":40,"column":3}},"line":22},"2":{"name":"getSongsData","decl":{"start":{"line":23,"column":19},"end":{"line":23,"column":31}},"loc":{"start":{"line":23,"column":34},"end":{"line":38,"column":5}},"line":23},"3":{"name":"(anonymous_3)","decl":{"start":{"line":29,"column":14},"end":{"line":29,"column":15}},"loc":{"start":{"line":29,"column":28},"end":{"line":34,"column":9}},"line":29},"4":{"name":"(anonymous_4)","decl":{"start":{"line":35,"column":15},"end":{"line":35,"column":16}},"loc":{"start":{"line":35,"column":24},"end":{"line":37,"column":9}},"line":35},"5":{"name":"(anonymous_5)","decl":{"start":{"line":42,"column":12},"end":{"line":42,"column":13}},"loc":{"start":{"line":42,"column":18},"end":{"line":46,"column":3}},"line":42}},"branchMap":{"0":{"loc":{"start":{"line":52,"column":11},"end":{"line":56,"column":11}},"type":"binary-expr","locations":[{"start":{"line":52,"column":11},"end":{"line":52,"column":17}},{"start":{"line":53,"column":12},"end":{"line":55,"column":26}}],"line":52},"1":{"loc":{"start":{"line":57,"column":11},"end":{"line":79,"column":11}},"type":"binary-expr","locations":[{"start":{"line":57,"column":11},"end":{"line":57,"column":18}},{"start":{"line":58,"column":12},"end":{"line":78,"column":15}}],"line":57}},"s":{"0":4,"1":15,"2":15,"3":15,"4":15,"5":15,"6":15,"7":15,"8":15,"9":3,"10":3,"11":2,"12":2,"13":2,"14":2,"15":1,"16":3,"17":15,"18":4,"19":4,"20":4,"21":15},"f":{"0":15,"1":3,"2":3,"3":2,"4":1,"5":4},"b":{"0":[15,5],"1":[15,10]},"_coverageSchema":"1a1c01bbd47fc00a2c39e90264f33305004495a9","hash":"38df5cbbd5d86a0c17f170d3b66508b1571ea57e"}
,"/Users/chritsophersarmiento/git/my-portfolio/client/src/pages/Weather.jsx": {"path":"/Users/chritsophersarmiento/git/my-portfolio/client/src/pages/Weather.jsx","statementMap":{"0":{"start":{"line":9,"column":16},"end":{"line":133,"column":1}},"1":{"start":{"line":10,"column":34},"end":{"line":10,"column":46}},"2":{"start":{"line":12,"column":19},"end":{"line":15,"column":3}},"3":{"start":{"line":13,"column":4},"end":{"line":13,"column":23}},"4":{"start":{"line":14,"column":4},"end":{"line":14,"column":27}},"5":{"start":{"line":17,"column":23},"end":{"line":19,"column":3}},"6":{"start":{"line":18,"column":4},"end":{"line":18,"column":25}},"7":{"start":{"line":21,"column":52},"end":{"line":21,"column":64}},"8":{"start":{"line":22,"column":13},"end":{"line":22,"column":22}},"9":{"start":{"line":24,"column":2},"end":{"line":132,"column":4}},"10":{"start":{"line":41,"column":37},"end":{"line":41,"column":64}}},"fnMap":{"0":{"name":"(anonymous_0)","decl":{"start":{"line":9,"column":16},"end":{"line":9,"column":17}},"loc":{"start":{"line":9,"column":22},"end":{"line":133,"column":1}},"line":9},"1":{"name":"(anonymous_1)","decl":{"start":{"line":12,"column":19},"end":{"line":12,"column":20}},"loc":{"start":{"line":12,"column":26},"end":{"line":15,"column":3}},"line":12},"2":{"name":"(anonymous_2)","decl":{"start":{"line":17,"column":23},"end":{"line":17,"column":24}},"loc":{"start":{"line":17,"column":34},"end":{"line":19,"column":3}},"line":17},"3":{"name":"(anonymous_3)","decl":{"start":{"line":41,"column":30},"end":{"line":41,"column":31}},"loc":{"start":{"line":41,"column":37},"end":{"line":41,"column":64}},"line":41}},"branchMap":{"0":{"loc":{"start":{"line":29,"column":13},"end":{"line":57,"column":13}},"type":"binary-expr","locations":[{"start":{"line":29,"column":13},"end":{"line":29,"column":20}},{"start":{"line":30,"column":14},"end":{"line":56,"column":21}}],"line":29},"1":{"loc":{"start":{"line":52,"column":28},"end":{"line":52,"column":52}},"type":"cond-expr","locations":[{"start":{"line":52,"column":40},"end":{"line":52,"column":44}},{"start":{"line":52,"column":47},"end":{"line":52,"column":52}}],"line":52},"2":{"loc":{"start":{"line":58,"column":13},"end":{"line":62,"column":13}},"type":"binary-expr","locations":[{"start":{"line":58,"column":13},"end":{"line":58,"column":18}},{"start":{"line":59,"column":14},"end":{"line":61,"column":19}}],"line":58},"3":{"loc":{"start":{"line":63,"column":13},"end":{"line":67,"column":13}},"type":"binary-expr","locations":[{"start":{"line":63,"column":13},"end":{"line":63,"column":19}},{"start":{"line":64,"column":14},"end":{"line":66,"column":28}}],"line":63},"4":{"loc":{"start":{"line":68,"column":13},"end":{"line":127,"column":13}},"type":"binary-expr","locations":[{"start":{"line":68,"column":13},"end":{"line":68,"column":19}},{"start":{"line":68,"column":23},"end":{"line":68,"column":30}},{"start":{"line":69,"column":14},"end":{"line":126,"column":20}}],"line":68},"5":{"loc":{"start":{"line":73,"column":22},"end":{"line":75,"column":28}},"type":"cond-expr","locations":[{"start":{"line":74,"column":26},"end":{"line":74,"column":46}},{"start":{"line":75,"column":26},"end":{"line":75,"column":28}}],"line":73},"6":{"loc":{"start":{"line":73,"column":22},"end":{"line":73,"column":69}},"type":"binary-expr","locations":[{"start":{"line":73,"column":22},"end":{"line":73,"column":35}},{"start":{"line":73,"column":39},"end":{"line":73,"column":69}}],"line":73},"7":{"loc":{"start":{"line":111,"column":25},"end":{"line":115,"column":25}},"type":"cond-expr","locations":[{"start":{"line":112,"column":26},"end":{"line":112,"column":79}},{"start":{"line":114,"column":26},"end":{"line":114,"column":28}}],"line":111}},"s":{"0":4,"1":20,"2":20,"3":4,"4":4,"5":20,"6":4,"7":20,"8":20,"9":20,"10":3},"f":{"0":20,"1":4,"2":4,"3":3},"b":{"0":[20,13],"1":[6,7],"2":[20,6],"3":[20,7],"4":[20,14,1],"5":[0,1],"6":[1,1],"7":[0,1]},"_coverageSchema":"1a1c01bbd47fc00a2c39e90264f33305004495a9","hash":"baab5cbd51463973b15093a7d2757d8454a961fa"}
}
