TN:
SF:src/App.js
FN:17,(anonymous_0)
FN:29,(anonymous_1)
FNF:2
FNH:2
FNDA:3,(anonymous_0)
FNDA:4,(anonymous_1)
DA:17,2
DA:18,3
DA:19,3
DA:29,2
DA:30,4
LF:5
LH:5
BRDA:33,0,0,4
BRDA:33,0,1,3
BRDA:35,1,0,4
BRDA:35,1,1,1
BRDA:44,2,0,1
BRDA:44,2,1,3
BRF:6
BRH:6
end_of_record
TN:
SF:src/components/Header.jsx
FN:7,(anonymous_0)
FN:10,(anonymous_1)
FN:11,(anonymous_2)
FN:35,(anonymous_3)
FN:42,(anonymous_4)
FN:50,(anonymous_5)
FN:58,(anonymous_6)
FN:66,(anonymous_7)
FNF:8
FNH:8
FNDA:10,(anonymous_0)
FNDA:10,(anonymous_1)
FNDA:1,(anonymous_2)
FNDA:1,(anonymous_3)
FNDA:1,(anonymous_4)
FNDA:1,(anonymous_5)
FNDA:1,(anonymous_6)
FNDA:1,(anonymous_7)
DA:7,3
DA:8,10
DA:10,10
DA:11,10
DA:12,1
DA:16,10
DA:18,10
DA:35,1
DA:42,1
DA:50,1
DA:58,1
DA:66,1
LF:12
LH:12
BRDA:41,0,0,1
BRDA:41,0,1,9
BRDA:49,1,0,1
BRDA:49,1,1,9
BRDA:57,2,0,1
BRDA:57,2,1,9
BRDA:65,3,0,1
BRDA:65,3,1,9
BRDA:72,4,0,10
BRDA:72,4,1,0
BRF:10
BRH:9
end_of_record
TN:
SF:src/components/Jumbotron.js
FN:5,(anonymous_0)
FNF:1
FNH:1
FNDA:76,(anonymous_0)
DA:5,10
DA:6,76
LF:2
LH:2
BRF:0
BRH:0
end_of_record
TN:
SF:src/components/Page.jsx
FN:5,(anonymous_0)
FNF:1
FNH:1
FNDA:76,(anonymous_0)
DA:5,10
DA:6,76
LF:2
LH:2
BRF:0
BRH:0
end_of_record
TN:
SF:src/components/Paginate.jsx
FN:7,(anonymous_0)
FN:17,(anonymous_1)
FNF:2
FNH:2
FNDA:9,(anonymous_0)
FNDA:1,(anonymous_1)
DA:7,4
DA:8,9
DA:9,9
DA:10,7
DA:11,7
DA:12,7
DA:13,12
DA:17,1
DA:25,7
DA:31,7
DA:36,4
LF:11
LH:11
BRDA:9,0,0,2
BRDA:9,0,1,7
BRF:2
BRH:2
end_of_record
TN:
SF:src/components/ResumeModal.jsx
FN:6,(anonymous_0)
FN:10,(anonymous_1)
FN:28,(anonymous_2)
FNF:3
FNH:3
FNDA:10,(anonymous_0)
FNDA:1,(anonymous_1)
FNDA:1,(anonymous_2)
DA:6,5
DA:7,10
DA:10,1
DA:28,1
LF:4
LH:4
BRF:0
BRH:0
end_of_record
TN:
SF:src/components/SongsListGroup.jsx
FN:6,(anonymous_0)
FN:18,(anonymous_1)
FN:23,(anonymous_2)
FNF:3
FNH:3
FNDA:9,(anonymous_0)
FNDA:36,(anonymous_1)
FNDA:2,(anonymous_2)
DA:6,4
DA:7,9
DA:9,9
DA:19,36
DA:23,2
DA:37,4
LF:6
LH:6
BRDA:22,0,0,9
BRDA:22,0,1,27
BRF:2
BRH:2
end_of_record
TN:
SF:src/components/SongsTable.jsx
FN:7,(anonymous_0)
FN:18,(anonymous_1)
FN:24,(anonymous_2)
FN:30,(anonymous_3)
FNF:4
FNH:4
FNDA:9,(anonymous_0)
FNDA:24,(anonymous_1)
FNDA:1,(anonymous_2)
FNDA:20,(anonymous_3)
DA:7,4
DA:17,9
DA:18,24
DA:21,9
DA:22,9
DA:24,9
DA:25,1
DA:28,9
DA:31,20
DA:40,9
DA:68,4
LF:11
LH:11
BRDA:17,0,0,2
BRDA:17,0,1,7
BRF:2
BRH:2
end_of_record
TN:
SF:src/components/SongsTableHeader.jsx
FN:4,(anonymous_0)
FN:18,(anonymous_1)
FN:21,(anonymous_2)
FN:28,(anonymous_3)
FN:36,(anonymous_4)
FN:37,(anonymous_5)
FN:41,(anonymous_6)
FN:48,(anonymous_7)
FN:55,(anonymous_8)
FNF:9
FNH:9
FNDA:9,(anonymous_0)
FNDA:2,(anonymous_1)
FNDA:32,(anonymous_2)
FNDA:11,(anonymous_3)
FNDA:9,(anonymous_4)
FNDA:45,(anonymous_5)
FNDA:2,(anonymous_6)
FNDA:45,(anonymous_7)
FNDA:45,(anonymous_8)
DA:4,4
DA:10,9
DA:18,9
DA:19,2
DA:20,2
DA:21,1
DA:22,32
DA:24,1
DA:25,1
DA:27,2
DA:28,1
DA:29,11
DA:31,1
DA:32,1
DA:36,9
DA:37,9
DA:38,45
DA:41,2
DA:48,9
DA:49,45
DA:50,4
DA:51,3
DA:52,1
DA:55,9
DA:56,45
DA:57,36
DA:58,27
DA:59,18
DA:60,9
DA:63,9
DA:72,4
LF:31
LH:31
BRDA:19,0,0,1
BRDA:19,0,1,1
BRDA:20,1,0,1
BRDA:20,1,1,1
BRDA:22,2,0,13
BRDA:22,2,1,19
BRDA:27,3,0,1
BRDA:27,3,1,1
BRDA:29,4,0,0
BRDA:29,4,1,11
BRDA:49,5,0,41
BRDA:49,5,1,4
BRDA:50,6,0,3
BRDA:50,6,1,1
BRDA:56,7,0,9
BRDA:56,7,1,36
BRDA:57,8,0,9
BRDA:57,8,1,27
BRDA:58,9,0,9
BRDA:58,9,1,18
BRDA:59,10,0,9
BRDA:59,10,1,9
BRDA:60,11,0,9
BRDA:60,11,1,0
BRF:24
BRH:22
end_of_record
TN:
SF:src/hooks/useAuth.js
FN:11,(anonymous_0)
FN:12,(anonymous_1)
FN:18,(anonymous_2)
FN:19,(anonymous_3)
FN:36,(anonymous_4)
FN:55,(anonymous_5)
FN:65,(anonymous_6)
FNF:7
FNH:7
FNDA:99,(anonymous_0)
FNDA:37,(anonymous_1)
FNDA:35,(anonymous_2)
FNDA:35,(anonymous_3)
FNDA:4,(anonymous_4)
FNDA:2,(anonymous_5)
FNDA:1,(anonymous_6)
DA:5,9
DA:6,9
DA:7,9
DA:9,9
DA:11,9
DA:12,99
DA:13,37
DA:14,37
DA:17,99
DA:18,99
DA:19,35
DA:20,35
DA:21,35
DA:23,1
DA:24,1
DA:25,1
DA:36,99
DA:37,4
DA:38,4
DA:46,2
DA:47,2
DA:48,2
DA:49,2
DA:51,2
DA:55,99
DA:56,2
DA:57,2
DA:66,1
DA:69,2
DA:70,2
DA:71,2
DA:74,99
LF:32
LH:32
BRDA:13,0,0,0
BRDA:13,0,1,37
BRDA:13,1,0,37
BRDA:13,1,1,37
BRDA:23,2,0,1
BRDA:23,2,1,0
BRF:6
BRH:4
end_of_record
TN:
SF:src/hooks/useContact.js
FN:5,(anonymous_0)
FN:10,(anonymous_1)
FN:14,(anonymous_2)
FN:46,(anonymous_3)
FN:60,(anonymous_4)
FNF:5
FNH:5
FNDA:20,(anonymous_0)
FNDA:10,(anonymous_1)
FNDA:6,(anonymous_2)
FNDA:6,(anonymous_3)
FNDA:6,(anonymous_4)
DA:5,4
DA:6,20
DA:7,20
DA:8,20
DA:10,20
DA:11,10
DA:14,20
DA:15,6
DA:17,3
DA:18,1
DA:23,2
DA:24,2
DA:26,3
DA:29,3
DA:34,1
DA:39,2
DA:40,2
DA:42,3
DA:46,20
DA:47,6
DA:49,6
DA:50,6
DA:52,6
DA:54,6
DA:60,20
DA:61,6
DA:62,6
DA:63,4
DA:64,4
DA:65,4
DA:66,4
DA:67,2
DA:71,2
DA:72,2
DA:74,2
DA:77,2
DA:83,20
LF:37
LH:37
BRDA:15,0,0,3
BRDA:15,0,1,3
BRDA:17,1,0,1
BRDA:17,1,1,2
BRDA:29,2,0,1
BRDA:29,2,1,2
BRDA:62,3,0,4
BRDA:62,3,1,2
BRF:8
BRH:8
end_of_record
TN:
SF:src/hooks/useLogin.js
FN:4,(anonymous_0)
FN:9,(anonymous_1)
FN:37,(anonymous_2)
FN:49,(anonymous_3)
FNF:4
FNH:4
FNDA:16,(anonymous_0)
FNDA:6,(anonymous_1)
FNDA:6,(anonymous_2)
FNDA:5,(anonymous_3)
DA:4,2
DA:5,16
DA:6,16
DA:7,16
DA:9,16
DA:10,6
DA:12,3
DA:13,1
DA:18,2
DA:19,2
DA:21,3
DA:24,3
DA:25,1
DA:30,2
DA:31,2
DA:33,3
DA:37,16
DA:38,6
DA:40,6
DA:41,6
DA:43,6
DA:45,6
DA:46,6
DA:49,16
DA:50,5
DA:52,5
DA:54,1
DA:55,1
DA:59,16
LF:29
LH:29
BRDA:10,0,0,3
BRDA:10,0,1,3
BRDA:12,1,0,1
BRDA:12,1,1,2
BRDA:12,2,0,3
BRDA:12,2,1,2
BRDA:24,3,0,1
BRDA:24,3,1,2
BRDA:24,4,0,3
BRDA:24,4,1,2
BRDA:45,5,0,3
BRDA:45,5,1,3
BRDA:46,6,0,3
BRDA:46,6,1,3
BRDA:52,7,0,4
BRDA:52,7,1,1
BRF:16
BRH:16
end_of_record
TN:
SF:src/hooks/useWeather.js
FN:7,(anonymous_0)
FN:12,(anonymous_1)
FN:38,(anonymous_2)
FN:60,(anonymous_3)
FNF:4
FNH:4
FNDA:20,(anonymous_0)
FNDA:4,(anonymous_1)
FNDA:1,(anonymous_2)
FNDA:4,(anonymous_3)
DA:4,4
DA:5,4
DA:7,4
DA:8,20
DA:9,20
DA:10,20
DA:12,20
DA:13,4
DA:14,4
DA:19,3
DA:20,1
DA:21,1
DA:22,2
DA:23,1
DA:24,1
DA:26,1
DA:27,1
DA:29,3
DA:30,3
DA:32,1
DA:38,20
DA:39,1
DA:40,1
DA:57,1
DA:60,20
DA:61,4
DA:62,4
DA:64,4
DA:65,4
DA:67,1
DA:68,1
DA:71,20
LF:32
LH:32
BRDA:19,0,0,1
BRDA:19,0,1,2
BRDA:22,1,0,1
BRDA:22,1,1,1
BRDA:22,2,0,2
BRDA:22,2,1,1
BRDA:65,3,0,3
BRDA:65,3,1,1
BRF:8
BRH:8
end_of_record
TN:
SF:src/pages/About.jsx
FN:10,(anonymous_0)
FN:14,(anonymous_1)
FNF:2
FNH:2
FNDA:8,(anonymous_0)
FNDA:2,(anonymous_1)
DA:10,5
DA:11,8
DA:12,8
DA:14,8
DA:15,2
DA:18,8
LF:6
LH:6
BRF:0
BRH:0
end_of_record
TN:
SF:src/pages/Contact.jsx
FN:7,(anonymous_0)
FNF:1
FNH:1
FNDA:20,(anonymous_0)
DA:7,4
DA:8,20
DA:9,20
DA:11,20
LF:4
LH:4
BRDA:19,0,0,20
BRDA:19,0,1,4
BRF:2
BRH:2
end_of_record
TN:
SF:src/pages/Home.jsx
FN:9,(anonymous_0)
FN:11,(anonymous_1)
FNF:2
FNH:2
FNDA:5,(anonymous_0)
FNDA:5,(anonymous_1)
DA:9,4
DA:10,5
DA:11,5
DA:12,5
DA:15,5
LF:5
LH:5
BRF:0
BRH:0
end_of_record
TN:
SF:src/pages/Login.jsx
FN:10,(anonymous_0)
FN:13,(anonymous_1)
FNF:2
FNH:2
FNDA:16,(anonymous_0)
FNDA:4,(anonymous_1)
DA:10,2
DA:11,16
DA:13,16
DA:14,4
DA:16,4
DA:17,4
DA:19,4
DA:29,16
DA:30,16
DA:32,16
LF:10
LH:10
BRDA:73,0,0,4
BRDA:73,0,1,12
BRDA:73,1,0,16
BRDA:73,1,1,7
BRF:4
BRH:4
end_of_record
TN:
SF:src/pages/Songs.jsx
FN:9,(anonymous_0)
FN:22,(anonymous_1)
FN:23,getSongsData
FN:29,(anonymous_3)
FN:35,(anonymous_4)
FN:42,(anonymous_5)
FNF:6
FNH:6
FNDA:15,(anonymous_0)
FNDA:3,(anonymous_1)
FNDA:3,getSongsData
FNDA:2,(anonymous_3)
FNDA:1,(anonymous_4)
FNDA:4,(anonymous_5)
DA:9,4
DA:10,15
DA:11,15
DA:12,15
DA:13,15
DA:14,15
DA:15,15
DA:20,15
DA:22,15
DA:24,3
DA:25,3
DA:30,2
DA:31,2
DA:32,2
DA:33,2
DA:36,1
DA:39,3
DA:42,15
DA:43,4
DA:44,4
DA:45,4
DA:48,15
LF:22
LH:22
BRDA:52,0,0,15
BRDA:52,0,1,5
BRDA:57,1,0,15
BRDA:57,1,1,10
BRF:4
BRH:4
end_of_record
TN:
SF:src/pages/Weather.jsx
FN:9,(anonymous_0)
FN:12,(anonymous_1)
FN:17,(anonymous_2)
FN:41,(anonymous_3)
FNF:4
FNH:4
FNDA:20,(anonymous_0)
FNDA:4,(anonymous_1)
FNDA:4,(anonymous_2)
FNDA:3,(anonymous_3)
DA:9,4
DA:10,20
DA:12,20
DA:13,4
DA:14,4
DA:17,20
DA:18,4
DA:21,20
DA:22,20
DA:24,20
DA:41,3
LF:11
LH:11
BRDA:29,0,0,20
BRDA:29,0,1,13
BRDA:52,1,0,6
BRDA:52,1,1,7
BRDA:58,2,0,20
BRDA:58,2,1,6
BRDA:63,3,0,20
BRDA:63,3,1,7
BRDA:68,4,0,20
BRDA:68,4,1,14
BRDA:68,4,2,1
BRDA:73,5,0,0
BRDA:73,5,1,1
BRDA:73,6,0,1
BRDA:73,6,1,1
BRDA:111,7,0,0
BRDA:111,7,1,1
BRF:17
BRH:15
end_of_record
